[2026-07-17 19:56:29] Tasso ETH/EUR: 1610.69
[2026-07-17 19:56:29] Scansione di sicurezza: controllo le 50 aste live piu' recenti...
[2026-07-17 19:56:29] Scansione di sicurezza: 50 aste trovate, valutazione in corso...
[2026-07-17 19:56:29] [asta] valutazione evento id=EnglishAuction:9bab71a5-ad10-4769-887a-5ccde7dd81cd card_slug=jin-su-kim-2026-limited-484
[2026-07-17 19:56:33] Kim Jin-Su: margine stimato -1.4496210000000005 sotto la soglia minima (1.26EUR), non notifico
[2026-07-17 19:56:33] [asta] valutazione evento id=EnglishAuction:1c5833e9-1ddc-42da-b0ee-07ef6ab4ae8e card_slug=bum-keun-song-2026-limited-682
[2026-07-17 19:56:37] SONG BUMKEUN: margine stimato -1.2885520000000001 sotto la soglia minima (1.23EUR), non notifico
[2026-07-17 19:56:37] [asta] valutazione evento id=EnglishAuction:59311161-62f8-4c4d-a0ec-e4ae67f7daca card_slug=sung-yun-gu-2026-limited-527
[2026-07-17 19:56:37] GU SUNG YUN: asta attuale (16.43EUR) non sotto l'ultimo prezzo (13.21EUR), salto
[2026-07-17 19:56:37] [asta] valutazione evento id=EnglishAuction:2bdbf15f-4a16-4495-b9aa-7b5d62d986d8 card_slug=joon-hyuck-kang-2026-limited-373
[2026-07-17 19:56:40] Kang Joon-Hyuck: margine stimato -0.8053450000000009 sotto la soglia minima (1.15EUR), non notifico
[2026-07-17 19:56:40] [asta] valutazione evento id=EnglishAuction:6ea09d7b-d95e-41d0-9588-470c222e85e2 card_slug=dae-won-kim-2026-limited-484
[2026-07-17 19:56:44] Kim Dae-Won: margine stimato -5.476346000000001 sotto la soglia minima (1.70EUR), non notifico
[2026-07-17 19:56:44] Scansione di sicurezza completata.
[2026-07-17 19:56:44] Ascolto aste in tempo reale per 160 secondi...
[2026-07-17 19:56:44] Connesso al canale eventi Sorare, sottoscrizione in corso...
[2026-07-17 19:56:45] Sottoscrizione confermata, in ascolto...
[2026-07-17 19:58:58] [asta] valutazione evento id=EnglishAuction:b7bb96b1-0d9a-4729-a255-63131835f31f card_slug=seung-mo-lee-2026-limited-297
[2026-07-17 19:58:58] Lee Seung-Mo: asta attuale (2.09EUR) non sotto l'ultimo prezzo (1.29EUR), salto
[2026-07-17 19:59:24] Connessione chiusa (codice None). Aste processate in questa esecuzione: 57
[2026-07-17 19:59:24] [diagnostica aste] notifiche inviate: 0, scarti: skip_already_notified=13, skip_margin_too_low=4, skip_no_limited_football_card=12, skip_not_below_last_price=2, skip_unchanged_since_last_eval=26
[2026-07-17 19:59:24] [diagnostica valute] branch usati in eur_price_from_amounts questa esecuzione: {'eurCents': 23, 'wei': 8, 'usdCents': 3, 'gbpCents': 2, 'lamport': 0, 'none': 0}
[2026-07-17 19:59:24] [diagnostica filtro stagione] con season ok: 6, fallback senza season riuscito: 0, entrambi vuoti: 0
[2026-07-17 19:59:24] Ascolto aste terminato.
