
===== RUN 2026-07-18 19:39:21 UTC =====
[2026-07-18 19:39:22] [craft-scanner] avvio -- fascia 1-20EUR, finestra creazione 6h, durata max 50s, blacklist 13 manager
[2026-07-18 19:39:22] [craft-scanner] scoperta campi creazione sulla carta di prova heung-min-son-2026-limited-364 (sicuramente creata)...
[2026-07-18 19:39:22] [craft-scanner] probe 'mintedAt': ERRORE -- Field 'mintedAt' doesn't exist on type 'AnyCardInterface'
[2026-07-18 19:39:22] [craft-scanner] probe 'craftedAt': ERRORE -- Field 'craftedAt' doesn't exist on type 'AnyCardInterface'
[2026-07-18 19:39:23] [craft-scanner] probe 'forgedAt': ERRORE -- Field 'forgedAt' doesn't exist on type 'AnyCardInterface'
[2026-07-18 19:39:23] [craft-scanner] probe 'issuedAt': ERRORE -- Field 'issuedAt' doesn't exist on type 'AnyCardInterface'
[2026-07-18 19:39:23] [craft-scanner] probe 'bornAt': ERRORE -- Field 'bornAt' doesn't exist on type 'AnyCardInterface'
[2026-07-18 19:39:24] [craft-scanner] probe 'createdAt': ERRORE -- Field 'createdAt' doesn't exist on type 'AnyCardInterface'
[2026-07-18 19:39:24] [craft-scanner] probe 'publicMintedAt': ERRORE -- Field 'publicMintedAt' doesn't exist on type 'AnyCardInterface' (Did you mean `publicMinPrices`?)
[2026-07-18 19:39:24] [craft-scanner] probe 'assetCreatedAt': ERRORE -- Field 'assetCreatedAt' doesn't exist on type 'AnyCardInterface'
[2026-07-18 19:39:24] [craft-scanner] >>> NESSUN candidato timestamp funziona su anyCard -- impossibile applicare la finestra delle 6 ore. Prossimi candidati da provare a mano nei log sopra (guarda i suggerimenti 'Did you mean' negli errori). Interrompo il run.
[2026-07-18 19:39:24] [craft-scanner] esecuzione terminata.

===== RUN 2026-07-18 20:11:47 UTC =====
Traceback (most recent call last):
  File "/home/runner/work/Sorare-tracker-2/Sorare-tracker-2/crafted_card_scanner.py", line 78, in <module>
    'createdAt', 'publicMintedAt', 'assetCreatedAt', publicMinPrices]
                                                     ^^^^^^^^^^^^^^^
NameError: name 'publicMinPrices' is not defined

===== RUN 2026-07-19 07:07:57 UTC =====
[2026-07-19 07:07:57] [craft-scanner] avvio -- fascia 1-20EUR, finestra creazione 6h, durata max 500s, blacklist 13 manager
[2026-07-19 07:07:57] [craft-scanner] verifica campi creazione sulla carta di prova heung-min-son-2026-limited-364 (sicuramente creata)...
[2026-07-19 07:07:58] [craft-scanner] probe '... on Card { createdAt }': OK, valore = '2026-03-26T03:30:11Z'
[2026-07-19 07:07:58] [craft-scanner] >>> campo timestamp di creazione: 'createdAt' via '... on Card { createdAt }' (valore sulla carta di prova: 2026-03-26T03:30:11Z)
[2026-07-19 07:07:58] [craft-scanner] probe '... on Card { pack { slug } }': ERRORE -- Field 'slug' doesn't exist on type 'Pack'
[2026-07-19 07:07:58] [craft-scanner] >>> nessun segnale di provenienza aggiuntivo trovato -- si va di sola finestra temporale (comunque sufficiente: una stampa apparsa da poche ore e' 'nuova' a prescindere)
[2026-07-19 07:07:58] [craft-scanner] tasso ETH/EUR: 1632.75
[2026-07-19 07:07:59] [craft-scanner] connesso al canale eventi Sorare, sottoscrizione in corso...
[2026-07-19 07:08:00] [craft-scanner] sottoscrizione confermata, in ascolto...
[2026-07-19 07:08:05] [craft-scanner] >>> variante carte-giocatore 'anyPlayer.anyCards' FUNZIONA -- la uso da ora in poi.
[2026-07-19 07:08:05] [craft-scanner] Emiliano Buendía: nessuna stampa creata nelle ultime 6h, passo oltre
[2026-07-19 07:08:23] [craft-scanner] Artem Stepanov: nessuna stampa creata nelle ultime 6h, passo oltre
[2026-07-19 07:08:47] [craft-scanner] Kai Havertz: nessuna stampa creata nelle ultime 6h, passo oltre
[2026-07-19 07:09:05] [craft-scanner] Dani Olmo: nessuna stampa creata nelle ultime 6h, passo oltre
[2026-07-19 07:09:17] [craft-scanner] Adrián Marín: nessuna stampa creata nelle ultime 6h, passo oltre
[2026-07-19 07:09:20] [craft-scanner] Moses Usor: nessuna stampa creata nelle ultime 6h, passo oltre
[2026-07-19 07:09:46] [craft-scanner] Matt Freese: nessuna stampa creata nelle ultime 6h, passo oltre
[2026-07-19 07:10:01] [craft-scanner] Jules Koundé: nessuna stampa creata nelle ultime 6h, passo oltre
[2026-07-19 07:10:02] [craft-scanner] Tjaronn Chery: nessuna stampa creata nelle ultime 6h, passo oltre
[2026-07-19 07:10:02] [craft-scanner] Declan Rice: nessuna stampa creata nelle ultime 6h, passo oltre
[2026-07-19 07:10:03] [craft-scanner] Robin Le Normand: nessuna stampa creata nelle ultime 6h, passo oltre
[2026-07-19 07:10:08] [craft-scanner] Ethan Kohler: nessuna stampa creata nelle ultime 6h, passo oltre
[2026-07-19 07:10:09] [craft-scanner] Cristian Espinoza: nessuna stampa creata nelle ultime 6h, passo oltre
[2026-07-19 07:10:19] [craft-scanner] Hugo Lloris: nessuna stampa creata nelle ultime 6h, passo oltre
[2026-07-19 07:10:37] [craft-scanner] Ibrahima Konaté: nessuna stampa creata nelle ultime 6h, passo oltre
[2026-07-19 07:10:37] [craft-scanner] Bukayo Saka: nessuna stampa creata nelle ultime 6h, passo oltre
[2026-07-19 07:10:39] [craft-scanner] David Affengruber: nessuna stampa creata nelle ultime 6h, passo oltre
[2026-07-19 07:10:41] [craft-scanner] Ben Lundt: nessuna stampa creata nelle ultime 6h, passo oltre
[2026-07-19 07:10:42] [craft-scanner] Ramy Bensebaini: nessuna stampa creata nelle ultime 6h, passo oltre
[2026-07-19 07:10:48] [craft-scanner] Diogo Oliveira: nessuna stampa creata nelle ultime 6h, passo oltre
[2026-07-19 07:10:55] [craft-scanner] Ferran Torres: nessuna stampa creata nelle ultime 6h, passo oltre
[2026-07-19 07:11:00] [craft-scanner] Marcel Sabitzer: nessuna stampa creata nelle ultime 6h, passo oltre
[2026-07-19 07:11:03] [craft-scanner] Jeyland Mitchell: nessuna stampa creata nelle ultime 6h, passo oltre
[2026-07-19 07:11:04] [craft-scanner] Marc Guéhi: nessuna stampa creata nelle ultime 6h, passo oltre
[2026-07-19 07:11:22] [craft-scanner] Rayan Aït Nouri: nessuna stampa creata nelle ultime 6h, passo oltre
[2026-07-19 07:11:44] [craft-scanner] Pablo Pagis: nessuna stampa creata nelle ultime 6h, passo oltre
[2026-07-19 07:11:54] [craft-scanner] Morrison Agyemang: nessuna stampa creata nelle ultime 6h, passo oltre
[2026-07-19 07:12:16] [craft-scanner] Hirving Lozano: nessuna stampa creata nelle ultime 6h, passo oltre
[2026-07-19 07:12:17] [craft-scanner] David Martínez: nessuna stampa creata nelle ultime 6h, passo oltre
[2026-07-19 07:12:43] [craft-scanner] Nick Fernandez: nessuna stampa creata nelle ultime 6h, passo oltre
[2026-07-19 07:13:55] [craft-scanner] Rodrigo Mora: nessuna stampa creata nelle ultime 6h, passo oltre
[2026-07-19 07:13:57] [craft-scanner] Rassa Rahmani: nessuna stampa creata nelle ultime 6h, passo oltre
[2026-07-19 07:14:07] [craft-scanner] D. Randell: nessuna stampa creata nelle ultime 6h, passo oltre
[2026-07-19 07:14:28] [craft-scanner] Serhou Guirassy: nessuna stampa creata nelle ultime 6h, passo oltre
[2026-07-19 07:14:30] [craft-scanner] Álvaro Carreras: nessuna stampa creata nelle ultime 6h, passo oltre
[2026-07-19 07:14:31] [craft-scanner] James Tarkowski: nessuna stampa creata nelle ultime 6h, passo oltre
[2026-07-19 07:14:37] [craft-scanner] Robert Sánchez: nessuna stampa creata nelle ultime 6h, passo oltre
[2026-07-19 07:15:09] [craft-scanner] Caoimhin Kelleher: nessuna stampa creata nelle ultime 6h, passo oltre
[2026-07-19 07:15:23] [craft-scanner] Artem Smoliakov: nessuna stampa creata nelle ultime 6h, passo oltre
[2026-07-19 07:15:54] [craft-scanner] Bernd Leno: nessuna stampa creata nelle ultime 6h, passo oltre
[2026-07-19 07:16:18] [craft-scanner] fine run -- candidati in fascia: 40, match: 0 (nessun match entro il tempo massimo)
[2026-07-19 07:16:18] [craft-scanner] esecuzione terminata.
