
===== RUN 2026-07-18 10:10:19 UTC =====
[2026-07-18 10:10:19] [manager bundle scan] input ricevuto: 'https://sorare.com/it/football/my-club/crowss' -> slug estratto: 'crowss'
[2026-07-18 10:10:19] [manager bundle scan] 'crowss': 1921 carte Limited possedute in totale (tutte le stagioni), scansiono fino a un massimo di 100...
[2026-07-18 10:10:20] [manager bundle scan] ATTENZIONE: 'crowss' possiede 1921 carte Limited ma ne ho scansionate solo 100 (limite MAX_OWNED_CARD_PAGES=2) -- alcune carte piu' vecchie potrebbero non essere state controllate, il risultato finale potrebbe essere incompleto.
[2026-07-18 10:10:20] [manager bundle scan] 'crowss': 89 carte Limited IN SEASON possedute (su 1921 carte Limited totali, tutte le stagioni).
[2026-07-18 10:10:20] [manager bundle scan] ATTENZIONE: 'crowss' ha 87 giocatori diversi tra le carte in_season possedute, oltre il tetto MAX_PLAYERS_TO_CHECK=10 -- controllo solo i primi 10 (per acquisizione piu' recente), il risultato potrebbe essere incompleto.
[2026-07-18 10:10:20] [manager bundle scan] controllo il mercato live per 10 giocatori diversi (10 carte possedute da verificare)...
[2026-07-18 10:10:24] [manager bundle scan] [diagnostica] 10 carte in_season possedute controllate, 8 risultano DAVVERO in vendita ora, 2 possedute ma NON in vendita (o ritirate/vendute nel frattempo), 0 errori di query.
[2026-07-18 10:10:24] [manager bundle scan] [diagnostica valute] branch usati in eur_price_from_amounts: {'eurCents': 129, 'wei': 18, 'usdCents': 25, 'gbpCents': 9, 'lamport': 0, 'none': 0}
[2026-07-18 10:10:24] [manager bundle scan] RISULTATO -- 'crowss': 8 carte in vendita, richiesta totale 18.84EUR, minimo di mercato totale 17.92EUR, offerta suggerita 15.23EUR (margine 15%, profitto stimato 2.69EUR).
[2026-07-18 10:10:25] [manager bundle scan] notifica Telegram inviata (canale aste, riuso temporaneo).

===== RUN 2026-07-18 10:40:09 UTC =====
[2026-07-18 10:40:10] [manager bundle scan] input ricevuto: 'https://sorare.com/it/football/my-club/flobob-fc' -> slug estratto: 'flobob-fc'
[2026-07-18 10:40:10] [manager bundle scan] 'flobob-fc': 1741 carte Limited possedute in totale (tutte le stagioni), scansiono fino a un massimo di 1000...
[2026-07-18 10:40:19] [manager bundle scan] ATTENZIONE: 'flobob-fc' possiede 1741 carte Limited ma ne ho scansionate solo 1000 (limite MAX_OWNED_CARD_PAGES=20) -- alcune carte piu' vecchie potrebbero non essere state controllate, il risultato finale potrebbe essere incompleto.
[2026-07-18 10:40:19] [manager bundle scan] 'flobob-fc': 560 carte Limited IN SEASON possedute (su 1741 carte Limited totali, tutte le stagioni).
[2026-07-18 10:40:19] [manager bundle scan] ATTENZIONE: 'flobob-fc' ha 464 giocatori diversi tra le carte in_season possedute, oltre il tetto MAX_PLAYERS_TO_CHECK=300 -- controllo solo i primi 300 (per acquisizione piu' recente), il risultato potrebbe essere incompleto.
[2026-07-18 10:40:19] [manager bundle scan] controllo il mercato live per 300 giocatori diversi (387 carte possedute da verificare)...
[2026-07-18 10:42:14] [manager bundle scan] [diagnostica] 387 carte in_season possedute controllate, 18 risultano DAVVERO in vendita ora, 369 possedute ma NON in vendita (o ritirate/vendute nel frattempo), 0 errori di query.
[2026-07-18 10:42:14] [manager bundle scan] [diagnostica valute] branch usati in eur_price_from_amounts: {'eurCents': 6720, 'wei': 783, 'usdCents': 1239, 'gbpCents': 368, 'lamport': 4, 'none': 0}
[2026-07-18 10:42:14] [manager bundle scan] RISULTATO -- 'flobob-fc': 18 carte in vendita, richiesta totale 152.54EUR, minimo di mercato totale 152.14EUR, offerta suggerita 129.32EUR (margine 15%, profitto stimato 22.82EUR).
[2026-07-18 10:42:14] [manager bundle scan] notifica Telegram inviata (canale aste, riuso temporaneo).
