
===== RUN 2026-07-18 15:14:23 UTC (scan_count=10) =====
[my-cards-profit] Inizio scan profit (10 carte nuove)...
[my-cards-profit] Ricerca tutte le carte (no sealed)...
[my-cards-profit] Errore GraphQL: [{'message': "Field 'me' doesn't exist on type 'Query'", 'extensions': {'code': 'UNPROCESSABLE_ENTITY'}}]
[my-cards-profit] Trovate 0 carte (escluse sealed)
[my-cards-profit] Nessuna carta trovata
[my-cards-profit] Esecuzione terminata.

===== RUN 2026-07-18 15:35:53 UTC (scan_count=10) =====
[my-cards-profit] Inizio scan profit (10 carte nuove)...
[my-cards-profit] Ricerca tutte le carte (no sealed)...
[my-cards-profit] Errore GraphQL: [{'message': "Field 'manager' doesn't exist on type 'Query'", 'extensions': {'code': 'UNPROCESSABLE_ENTITY'}}]
[my-cards-profit] Trovate 0 carte (escluse sealed)
[my-cards-profit] Nessuna carta trovata
[my-cards-profit] Esecuzione terminata.

===== RUN 2026-07-18 15:38:52 UTC (scan_count=10) =====
[my-cards-profit] Inizio scan profit (10 carte nuove)...
[my-cards-profit] Ricerca tutte le carte (no sealed)...
[my-cards-profit] Errore GraphQL: [{'message': "Field 'manager' doesn't exist on type 'Query'", 'extensions': {'code': 'UNPROCESSABLE_ENTITY'}}]
[my-cards-profit] Trovate 0 carte (escluse sealed)
[my-cards-profit] Nessuna carta trovata
[my-cards-profit] Esecuzione terminata.

===== RUN 2026-07-18 16:52:10 UTC (scan_count=10) =====
[my-cards-profit] Inizio scan profit (10 carte nuove)...
[my-cards-profit] Ricerca tutte le carte (no sealed)...
[my-cards-profit] Errore GraphQL: [{'message': "Field 'status' doesn't exist on type 'AnyCardInterface'", 'extensions': {'code': 'UNPROCESSABLE_ENTITY'}}]
[my-cards-profit] Trovate 0 carte (escluse sealed)
[my-cards-profit] Nessuna carta trovata
[my-cards-profit] Esecuzione terminata.

===== RUN 2026-07-18 17:13:06 UTC (scan_count=10) =====
[my-cards-profit] Inizio scan profit (10 carte nuove)...
[my-cards-profit] Ricerca tutte le carte...
[my-cards-profit] Errore GraphQL: [{'message': "Field 'createdAt' doesn't exist on type 'AnyCardInterface'", 'extensions': {'code': 'UNPROCESSABLE_ENTITY'}}]
[my-cards-profit] Trovate 0 carte
[my-cards-profit] Nessuna carta trovata
[my-cards-profit] Esecuzione terminata.

===== RUN 2026-07-18 17:18:37 UTC (scan_count=10) =====
[my-cards-profit] Inizio scan profit (10 carte nuove)...
[my-cards-profit] Ricerca tutte le carte...
[my-cards-profit] Trovate 1923 carte
[my-cards-profit] Analizzando (1/10): kalvin-phillips-2025-limited-525
[my-cards-profit]   ⚠️ Prezzo acquisto non trovato → backlog
[my-cards-profit] Analizzando (2/10): sem-steijn-2025-limited-652
[my-cards-profit]   ⚠️ Prezzo acquisto non trovato → backlog
[my-cards-profit] Analizzando (3/10): vitezslav-jaros-2025-limited-737
[my-cards-profit]   ⚠️ Prezzo acquisto non trovato → backlog
[my-cards-profit] Analizzando (4/10): darijan-bojanic-2026-limited-557
[my-cards-profit]   ⚠️ Prezzo acquisto non trovato → backlog
[my-cards-profit] Analizzando (5/10): cheol-woo-park-2026-limited-353
[my-cards-profit]   ⚠️ Prezzo acquisto non trovato → backlog
[my-cards-profit] Analizzando (6/10): myung-jae-lee-2026-limited-356
[my-cards-profit]   ⚠️ Prezzo acquisto non trovato → backlog
[my-cards-profit] Analizzando (7/10): marcos-johan-lopez-lanfranco-2022-limited-16
[my-cards-profit]   ⚠️ Prezzo acquisto non trovato → backlog
[my-cards-profit] Analizzando (8/10): flabian-londono-bedoya-2022-limited-21
[my-cards-profit]   ⚠️ Prezzo acquisto non trovato → backlog
[my-cards-profit] Analizzando (9/10): shuto-nakano-2026-limited-309
[my-cards-profit]   ⚠️ Prezzo acquisto non trovato → backlog
[my-cards-profit] Analizzando (10/10): nhoa-sangui-2025-limited-400
[my-cards-profit]   ⚠️ Prezzo acquisto non trovato → backlog
[my-cards-profit] Limite 10 carte raggiunto
[my-cards-profit] Salvate 10 carte analizzate
[my-cards-profit] Backlog aggiornato: 10 carte con problema
[my-cards-profit] Nessuna carta con profit trovata
[my-cards-profit] Esecuzione terminata.

===== RUN 2026-07-18 17:23:09 UTC (scan_count=200) =====
[my-cards-profit] Inizio scan profit (200 carte nuove)...
[my-cards-profit] Ricerca tutte le carte...
[my-cards-profit] Trovate 1923 carte
[my-cards-profit] ⏭️ kalvin-phillips-2025-limited-525 - già analizzata, ignoro
[my-cards-profit] ⏭️ sem-steijn-2025-limited-652 - già analizzata, ignoro
[my-cards-profit] ⏭️ vitezslav-jaros-2025-limited-737 - già analizzata, ignoro
[my-cards-profit] ⏭️ darijan-bojanic-2026-limited-557 - già analizzata, ignoro
[my-cards-profit] ⏭️ cheol-woo-park-2026-limited-353 - già analizzata, ignoro
[my-cards-profit] ⏭️ myung-jae-lee-2026-limited-356 - già analizzata, ignoro
[my-cards-profit] ⏭️ marcos-johan-lopez-lanfranco-2022-limited-16 - già analizzata, ignoro
[my-cards-profit] ⏭️ flabian-londono-bedoya-2022-limited-21 - già analizzata, ignoro
[my-cards-profit] ⏭️ shuto-nakano-2026-limited-309 - già analizzata, ignoro
[my-cards-profit] ⏭️ nhoa-sangui-2025-limited-400 - già analizzata, ignoro
[my-cards-profit] Analizzando (1/200): nicolas-fernandez-mercau-2025-limited-108
[my-cards-profit]   ⚠️ Prezzo acquisto non trovato → backlog
[my-cards-profit] Analizzando (2/200): gabriel-silva-moscardo-de-salles-2025-limited-461
[my-cards-profit]   ⚠️ Prezzo acquisto non trovato → backlog
[my-cards-profit] Analizzando (3/200): geiner-arleyson-martinez-turner-2026-limited-247
[my-cards-profit]   ⚠️ Prezzo acquisto non trovato → backlog
[my-cards-profit] Analizzando (4/200): benjamin-goschl-2025-limited-206
[my-cards-profit]   ⚠️ Prezzo acquisto non trovato → backlog
[my-cards-profit] Analizzando (5/200): tiemen-de-bel-2025-limited-214
[my-cards-profit]   ⚠️ Prezzo acquisto non trovato → backlog
[my-cards-profit] Analizzando (6/200): joeri-jesse-heerkens-2025-limited-438
[my-cards-profit]   ⚠️ Prezzo acquisto non trovato → backlog
[my-cards-profit] Analizzando (7/200): frank-feller-2025-limited-51
[my-cards-profit]   ⚠️ Prezzo acquisto non trovato → backlog
[my-cards-profit] Analizzando (8/200): matteo-godfroid-2025-limited-285
[my-cards-profit]   ⚠️ Prezzo acquisto non trovato → backlog
[my-cards-profit] Analizzando (9/200): fabian-heck-2025-limited-104
[my-cards-profit]   ⚠️ Prezzo acquisto non trovato → backlog
[my-cards-profit] Analizzando (10/200): daniil-khudyakov-2025-limited-624
[my-cards-profit]   ⚠️ Prezzo acquisto non trovato → backlog
[my-cards-profit] Analizzando (11/200): harald-postl-2025-limited-193
[my-cards-profit]   ⚠️ Prezzo acquisto non trovato → backlog
[my-cards-profit] Analizzando (12/200): lukas-johannes-blondal-petersson-2025-limited-359
[my-cards-profit]   ⚠️ Prezzo acquisto non trovato → backlog
[my-cards-profit] Analizzando (13/200): min-gyu-jang-2026-limited-193
[my-cards-profit]   ⚠️ Prezzo acquisto non trovato → backlog
[my-cards-profit] Analizzando (14/200): ho-young-park-2026-limited-190
[my-cards-profit]   ⚠️ Prezzo acquisto non trovato → backlog
[my-cards-profit] Analizzando (15/200): jayden-reid-2001-08-29-2026-limited-201
[my-cards-profit]   ⚠️ Prezzo acquisto non trovato → backlog
[my-cards-profit] Analizzando (16/200): patryk-klimala-2026-limited-411
[my-cards-profit]   ⚠️ Prezzo acquisto non trovato → backlog
[my-cards-profit] Analizzando (17/200): simon-mignolet-2021-limited-148
[my-cards-profit]   ⚠️ Prezzo acquisto non trovato → backlog
[my-cards-profit] Analizzando (18/200): bryan-soumare-2025-limited-50
[my-cards-profit]   ⚠️ Prezzo acquisto non trovato → backlog
[my-cards-profit] Analizzando (19/200): young-gwon-kim-2026-limited-335
[my-cards-profit]   ⚠️ Prezzo acquisto non trovato → backlog
[my-cards-profit] Analizzando (20/200): rocco-rios-novo-2026-limited-267
[my-cards-profit]   ⚠️ Prezzo acquisto non trovato → backlog
[my-cards-profit] Analizzando (21/200): malcolm-fry-2026-limited-122
[my-cards-profit]   ⚠️ Prezzo acquisto non trovato → backlog
[my-cards-profit] Analizzando (22/200): thiago-santos-santana-2026-limited-306
[my-cards-profit]   ⚠️ Prezzo acquisto non trovato → backlog
[my-cards-profit] Analizzando (23/200): adria-giner-pedrosa-2025-limited-609
[my-cards-profit]   ⚠️ Prezzo acquisto non trovato → backlog
[my-cards-profit] Analizzando (24/200): wesley-gassova-ribeiro-teixeira-2025-limited-238
[my-cards-profit]   ⚠️ Prezzo acquisto non trovato → backlog
[my-cards-profit] Analizzando (25/200): medin-gashi-2025-limited-301
[my-cards-profit]   ⚠️ Prezzo acquisto non trovato → backlog
[my-cards-profit] Analizzando (26/200): pascal-gross-2025-limited-881
[my-cards-profit]   ⚠️ Prezzo acquisto non trovato → backlog
[my-cards-profit] Analizzando (27/200): rick-meissen-2025-limited-514
[my-cards-profit]   ⚠️ Prezzo acquisto non trovato → backlog
[my-cards-profit] Analizzando (28/200): enrique-marlon-aguilar-2025-limited-387
[my-cards-profit]   ⚠️ Prezzo acquisto non trovato → backlog
[my-cards-profit] Analizzando (29/200): arno-verschueren-2025-limited-482
[my-cards-profit]   ⚠️ Prezzo acquisto non trovato → backlog
[my-cards-profit] Analizzando (30/200): gabriel-martinez-aguilera-2025-limited-626
[my-cards-profit]   ⚠️ Prezzo acquisto non trovato → backlog
[my-cards-profit] Analizzando (31/200): min-kyu-kim-1998-04-01-2026-limited-188
[my-cards-profit]   ⚠️ Prezzo acquisto non trovato → backlog
[my-cards-profit] Analizzando (32/200): dylan-vente-2025-limited-772
[my-cards-profit]   ⚠️ Prezzo acquisto non trovato → backlog
[my-cards-profit] Analizzando (33/200): dion-malone-2025-limited-229
[my-cards-profit]   ⚠️ Prezzo acquisto non trovato → backlog
[my-cards-profit] Analizzando (34/200): chan-ouk-lee-2026-limited-172
[my-cards-profit]   ⚠️ Prezzo acquisto non trovato → backlog
[my-cards-profit] Analizzando (35/200): dylan-chambost-2026-limited-434
[my-cards-profit]   ⚠️ Prezzo acquisto non trovato → backlog
[my-cards-profit] Analizzando (36/200): max-jimmy-dean-2025-limited-586
[my-cards-profit]   ⚠️ Prezzo acquisto non trovato → backlog
[my-cards-profit] Analizzando (37/200): yun-gu-kang-2026-limited-182
[my-cards-profit]   ⚠️ Prezzo acquisto non trovato → backlog
[my-cards-profit] Analizzando (38/200): tai-abed-2025-limited-118
[my-cards-profit]   ⚠️ Prezzo acquisto non trovato → backlog
[my-cards-profit] Analizzando (39/200): jose-guilherme-ribeiro-2025-limited-514
[my-cards-profit]   ⚠️ Prezzo acquisto non trovato → backlog
[my-cards-profit] Analizzando (40/200): neville-ogidi-nwankwo-2025-limited-289
[my-cards-profit]   ⚠️ Prezzo acquisto non trovato → backlog
[my-cards-profit] Analizzando (41/200): joel-mvuka-2025-limited-511
[my-cards-profit]   ⚠️ Prezzo acquisto non trovato → backlog
[my-cards-profit] Analizzando (42/200): thomas-hasal-2026-limited-215
[my-cards-profit]   ⚠️ Prezzo acquisto non trovato → backlog
[my-cards-profit] Analizzando (43/200): chang-yong-lee-2026-limited-278
[my-cards-profit]   ⚠️ Prezzo acquisto non trovato → backlog
[my-cards-profit] Analizzando (44/200): yarek-gasiorowski-hernandis-2025-limited-918
[my-cards-profit]   ⚠️ Prezzo acquisto non trovato → backlog
[my-cards-profit] Analizzando (45/200): maximilian-grosser-2025-limited-534
[my-cards-profit]   ⚠️ Prezzo acquisto non trovato → backlog
[my-cards-profit] Analizzando (46/200): tai-abed-2025-limited-108
[my-cards-profit]   ⚠️ Prezzo acquisto non trovato → backlog
[my-cards-profit] Analizzando (47/200): marcel-heister-2025-limited-306
[my-cards-profit]   ⚠️ Prezzo acquisto non trovato → backlog
[my-cards-profit] Analizzando (48/200): ali-sowe-2023-limited-161
[my-cards-profit]   ⚠️ Prezzo acquisto non trovato → backlog
[my-cards-profit] Analizzando (49/200): damjan-kovacevic-2004-08-28-2025-limited-277
[my-cards-profit]   ⚠️ Prezzo acquisto non trovato → backlog
[my-cards-profit] Analizzando (50/200): aruto-higuchi-2026-limited-211
[my-cards-profit]   ⚠️ Prezzo acquisto non trovato → backlog
[my-cards-profit] Analizzando (51/200): aaron-herrera-2026-limited-195
[my-cards-profit]   ⚠️ Prezzo acquisto non trovato → backlog
[my-cards-profit] Analizzando (52/200): strahinja-tanasijevic-2026-limited-185
[my-cards-profit]   ⚠️ Prezzo acquisto non trovato → backlog
[my-cards-profit] Analizzando (53/200): rafael-navarro-leal-2026-limited-518
[my-cards-profit]   ⚠️ Prezzo acquisto non trovato → backlog
[my-cards-profit] Analizzando (54/200): simon-graves-jensen-2025-limited-620
[my-cards-profit]   ⚠️ Prezzo acquisto non trovato → backlog
[my-cards-profit] Analizzando (55/200): ryuho-kikuchi-2026-limited-256
[my-cards-profit]   ⚠️ Prezzo acquisto non trovato → backlog
[my-cards-profit] Analizzando (56/200): hristiyan-ivaylov-petrov-2025-limited-503
[my-cards-profit]   ⚠️ Prezzo acquisto non trovato → backlog
[my-cards-profit] Analizzando (57/200): adrian-zendejas-rodriguez-2026-limited-225
[my-cards-profit]   ⚠️ Prezzo acquisto non trovato → backlog
[my-cards-profit] Analizzando (58/200): dariusz-piotr-stalmach-2025-limited-258
[my-cards-profit]   ⚠️ Prezzo acquisto non trovato → backlog
[my-cards-profit] Analizzando (59/200): paulo-afonso-da-rocha-junior-2026-limited-311
[my-cards-profit]   ⚠️ Prezzo acquisto non trovato → backlog
[my-cards-profit] Analizzando (60/200): issa-diop-2025-limited-747
[my-cards-profit]   ⚠️ Prezzo acquisto non trovato → backlog
[my-cards-profit] Analizzando (61/200): allan-tchaptchet-2025-limited-437
[my-cards-profit]   ⚠️ Prezzo acquisto non trovato → backlog
[my-cards-profit] Analizzando (62/200): ernest-appiah-nuamah-2025-limited-599
[my-cards-profit]   ⚠️ Prezzo acquisto non trovato → backlog
[my-cards-profit] Analizzando (63/200): samuel-junqua-2026-limited-178
[my-cards-profit]   ⚠️ Prezzo acquisto non trovato → backlog
[my-cards-profit] Analizzando (64/200): jaden-fernando-slory-2025-limited-476
[my-cards-profit]   ⚠️ Prezzo acquisto non trovato → backlog
[my-cards-profit] Analizzando (65/200): mats-seuntjens-2025-limited-380
[my-cards-profit]   ⚠️ Prezzo acquisto non trovato → backlog
[my-cards-profit] Analizzando (66/200): felix-hagmann-2025-limited-258
[my-cards-profit]   ⚠️ Prezzo acquisto non trovato → backlog
[my-cards-profit] Analizzando (67/200): adrian-simon-gill-2026-limited-170
[my-cards-profit]   ⚠️ Prezzo acquisto non trovato → backlog
[my-cards-profit] Analizzando (68/200): oskar-annell-2025-limited-345
[my-cards-profit]   ⚠️ Prezzo acquisto non trovato → backlog
[my-cards-profit] Analizzando (69/200): jonathan-sirois-2026-limited-276
[my-cards-profit]   ⚠️ Prezzo acquisto non trovato → backlog
[my-cards-profit] Analizzando (70/200): enis-destan-2025-limited-88
[my-cards-profit]   ⚠️ Prezzo acquisto non trovato → backlog
[my-cards-profit] Analizzando (71/200): kasper-dolberg-2023-limited-314
[my-cards-profit]   ⚠️ Prezzo acquisto non trovato → backlog
[my-cards-profit] Analizzando (72/200): thomas-delaney-2023-limited-334
[my-cards-profit]   ⚠️ Prezzo acquisto non trovato → backlog
[my-cards-profit] Analizzando (73/200): jan-vertonghen-2023-limited-103
[my-cards-profit]   ⚠️ Prezzo acquisto non trovato → backlog
[my-cards-profit] Analizzando (74/200): mats-rits-2023-limited-22
[my-cards-profit]   ⚠️ Prezzo acquisto non trovato → backlog
[my-cards-profit] Analizzando (75/200): christopher-brady-2026-limited-106
[my-cards-profit]   ⚠️ Prezzo acquisto non trovato → backlog
[my-cards-profit] Analizzando (76/200): anders-dreyer-2023-limited-210
[my-cards-profit]   ⚠️ Prezzo acquisto non trovato → backlog
[my-cards-profit] Analizzando (77/200): patryk-klimala-2026-limited-345
[my-cards-profit]   ⚠️ Prezzo acquisto non trovato → backlog
[my-cards-profit] Analizzando (78/200): jae-hwan-hwang-2026-limited-150
[my-cards-profit]   ⚠️ Prezzo acquisto non trovato → backlog
[my-cards-profit] Analizzando (79/200): italo-moreira-barcelos-2026-limited-228
[my-cards-profit]   ⚠️ Prezzo acquisto non trovato → backlog
[my-cards-profit] Analizzando (80/200): hyeon-ug-kim-2026-limited-161
[my-cards-profit]   ⚠️ Prezzo acquisto non trovato → backlog
[my-cards-profit] Analizzando (81/200): demir-ege-tiknaz-2025-limited-598
[my-cards-profit]   ⚠️ Prezzo acquisto non trovato → backlog
[my-cards-profit] Analizzando (82/200): si-woo-jin-2026-limited-207
[my-cards-profit]   ⚠️ Prezzo acquisto non trovato → backlog
[my-cards-profit] Analizzando (83/200): jae-min-ahn-2026-limited-196
[my-cards-profit]   ⚠️ Prezzo acquisto non trovato → backlog
[my-cards-profit] Analizzando (84/200): myung-guan-seo-2026-limited-131
[my-cards-profit]   ⚠️ Prezzo acquisto non trovato → backlog
[my-cards-profit] Analizzando (85/200): cheong-hyo-park-2026-limited-373
[my-cards-profit]   ⚠️ Prezzo acquisto non trovato → backlog
[my-cards-profit] Analizzando (86/200): marcos-vinicius-amaral-alves-2026-limited-252
[my-cards-profit]   ⚠️ Prezzo acquisto non trovato → backlog
[my-cards-profit] Analizzando (87/200): cheol-woo-park-2024-limited-143
[my-cards-profit]   ⚠️ Prezzo acquisto non trovato → backlog
[my-cards-profit] Analizzando (88/200): marcus-ingvartsen-2026-limited-447
[my-cards-profit]   ⚠️ Prezzo acquisto non trovato → backlog
[my-cards-profit] Analizzando (89/200): ian-fray-2026-limited-272
[my-cards-profit]   ⚠️ Prezzo acquisto non trovato → backlog
[my-cards-profit] Analizzando (90/200): daniel-munie-2026-limited-76
[my-cards-profit]   ⚠️ Prezzo acquisto non trovato → backlog
[my-cards-profit] Analizzando (91/200): marcel-hartel-2026-limited-436
[my-cards-profit]   ⚠️ Prezzo acquisto non trovato → backlog
[my-cards-profit] Analizzando (92/200): freese-matthew-2026-limited-195
[my-cards-profit]   ⚠️ Prezzo acquisto non trovato → backlog
[my-cards-profit] Analizzando (93/200): niko-tsakiris-2026-limited-386
[my-cards-profit]   ⚠️ Prezzo acquisto non trovato → backlog
[my-cards-profit] Analizzando (94/200): rafael-navarro-leal-2026-limited-462
[my-cards-profit]   ⚠️ Prezzo acquisto non trovato → backlog
[my-cards-profit] Analizzando (95/200): marino-skelin-2025-limited-370
[my-cards-profit]   ⚠️ Prezzo acquisto non trovato → backlog
[my-cards-profit] Analizzando (96/200): benjamin-craig-old-2025-limited-815
[my-cards-profit]   ⚠️ Prezzo acquisto non trovato → backlog
[my-cards-profit] Analizzando (97/200): miguel-angel-rubio-lestan-2025-limited-433
[my-cards-profit]   ⚠️ Prezzo acquisto non trovato → backlog
[my-cards-profit] Analizzando (98/200): natan-bernardo-de-souza-2025-limited-910
[my-cards-profit]   ⚠️ Prezzo acquisto non trovato → backlog
[my-cards-profit] Analizzando (99/200): panos-katseris-2025-limited-379
[my-cards-profit]   ⚠️ Prezzo acquisto non trovato → backlog
[my-cards-profit] Analizzando (100/200): joedrick-pupe-2025-limited-88
[my-cards-profit]   ⚠️ Prezzo acquisto non trovato → backlog
[my-cards-profit] Analizzando (101/200): micael-dos-santos-silva-2026-limited-425
[my-cards-profit]   ⚠️ Prezzo acquisto non trovato → backlog
[my-cards-profit] Analizzando (102/200): ricardo-nick-louis-2026-limited-89
[my-cards-profit]   ⚠️ Prezzo acquisto non trovato → backlog
[my-cards-profit] Analizzando (103/200): belal-halbouni-2025-limited-306
[my-cards-profit]   ⚠️ Prezzo acquisto non trovato → backlog
[my-cards-profit] Analizzando (104/200): vincenzo-grifo-2023-limited-201
[my-cards-profit]   ⚠️ Prezzo acquisto non trovato → backlog
[my-cards-profit] Analizzando (105/200): nahuel-molina-lucero-2025-limited-70
[my-cards-profit]   ⚠️ Prezzo acquisto non trovato → backlog
[my-cards-profit] Analizzando (106/200): yuta-nakayama-2025-limited-177
[my-cards-profit]   ⚠️ Prezzo acquisto non trovato → backlog
[my-cards-profit] Analizzando (107/200): masatoshi-ishida-2026-limited-70
[my-cards-profit]   ⚠️ Prezzo acquisto non trovato → backlog
[my-cards-profit] Analizzando (108/200): jeong-hyun-kim-2026-limited-175
[my-cards-profit]   ⚠️ Prezzo acquisto non trovato → backlog
[my-cards-profit] Analizzando (109/200): nicholas-defreitas-hansen-2026-limited-314
[my-cards-profit]   ⚠️ Prezzo acquisto non trovato → backlog
[my-cards-profit] Analizzando (110/200): yannick-bright-2026-limited-384
[my-cards-profit]   ⚠️ Prezzo acquisto non trovato → backlog
[my-cards-profit] Analizzando (111/200): david-ayala-2026-limited-387
[my-cards-profit]   ⚠️ Prezzo acquisto non trovato → backlog
[my-cards-profit] Analizzando (112/200): maximilian-arfsten-2026-limited-397
[my-cards-profit]   ⚠️ Prezzo acquisto non trovato → backlog
[my-cards-profit] Analizzando (113/200): isa-sakamoto-2025-limited-761
[my-cards-profit]   ⚠️ Prezzo acquisto non trovato → backlog
[my-cards-profit] Analizzando (114/200): malte-amundsen-2026-limited-409
[my-cards-profit]   ⚠️ Prezzo acquisto non trovato → backlog
[my-cards-profit] Analizzando (115/200): dong-ryul-lee-2026-limited-137
[my-cards-profit]   ⚠️ Prezzo acquisto non trovato → backlog
[my-cards-profit] Analizzando (116/200): jeppe-tverskov-2026-limited-469
[my-cards-profit]   ⚠️ Prezzo acquisto non trovato → backlog
[my-cards-profit] Analizzando (117/200): patrick-schulte-2026-limited-380
[my-cards-profit]   ⚠️ Prezzo acquisto non trovato → backlog
[my-cards-profit] Analizzando (118/200): yudai-kimura-2024-limited-64
[my-cards-profit]   ⚠️ Prezzo acquisto non trovato → backlog
[my-cards-profit] Analizzando (119/200): federico-matias-zaracho-2021-limited-144
[my-cards-profit]   ⚠️ Prezzo acquisto non trovato → backlog
[my-cards-profit] Analizzando (120/200): brayan-andres-ceballos-jimenez-2026-limited-311
[my-cards-profit]   ⚠️ Prezzo acquisto non trovato → backlog
[my-cards-profit] Analizzando (121/200): mihail-gherasimencov-2026-limited-209
[my-cards-profit]   ⚠️ Prezzo acquisto non trovato → backlog
[my-cards-profit] Analizzando (122/200): halil-ozdemir-2025-limited-126
[my-cards-profit]   ⚠️ Prezzo acquisto non trovato → backlog
[my-cards-profit] Analizzando (123/200): robert-jan-vanwesemael-2025-limited-521
[my-cards-profit]   ⚠️ Prezzo acquisto non trovato → backlog
[my-cards-profit] Analizzando (124/200): marcelo-ryan-silvestre-2025-limited-4
[my-cards-profit]   ⚠️ Prezzo acquisto non trovato → backlog
[my-cards-profit] Analizzando (125/200): bjorn-inge-utvik-2025-limited-252
[my-cards-profit]   ⚠️ Prezzo acquisto non trovato → backlog
[my-cards-profit] Analizzando (126/200): cristiano-paulo-santos-oliveira-2026-limited-149
[my-cards-profit]   ⚠️ Prezzo acquisto non trovato → backlog
[my-cards-profit] Analizzando (127/200): oscar-anthony-verhoeven-2026-limited-228
[my-cards-profit]   ⚠️ Prezzo acquisto non trovato → backlog
[my-cards-profit] Analizzando (128/200): daniel-cardenas-lindez-2025-limited-529
[my-cards-profit]   ⚠️ Prezzo acquisto non trovato → backlog
[my-cards-profit] Analizzando (129/200): noah-cobb-2026-limited-164
[my-cards-profit]   ⚠️ Prezzo acquisto non trovato → backlog
[my-cards-profit] Analizzando (130/200): ryan-hollingshead-2026-limited-273
[my-cards-profit]   ⚠️ Prezzo acquisto non trovato → backlog
[my-cards-profit] Analizzando (131/200): miguel-perez-2026-limited-159
[my-cards-profit]   ⚠️ Prezzo acquisto non trovato → backlog
[my-cards-profit] Analizzando (132/200): jackson-yueill-2026-limited-191
[my-cards-profit]   ⚠️ Prezzo acquisto non trovato → backlog
[my-cards-profit] Analizzando (133/200): aziel-jackson-2026-limited-304
[my-cards-profit]   ⚠️ Prezzo acquisto non trovato → backlog
[my-cards-profit] Analizzando (134/200): dor-david-turgeman-2026-limited-297
[my-cards-profit]   ⚠️ Prezzo acquisto non trovato → backlog
[my-cards-profit] Analizzando (135/200): rui-tiago-dantas-da-silva-2023-limited-214
[my-cards-profit]   ⚠️ Prezzo acquisto non trovato → backlog
[my-cards-profit] Analizzando (136/200): leonardo-de-sousa-pereira-2024-limited-463
[my-cards-profit]   ⚠️ Prezzo acquisto non trovato → backlog
[my-cards-profit] Analizzando (137/200): alex-eduardo-valera-sandoval-2023-limited-150
[my-cards-profit]   ⚠️ Prezzo acquisto non trovato → backlog
[my-cards-profit] Analizzando (138/200): mathieu-michel-2023-limited-154
[my-cards-profit]   ⚠️ Prezzo acquisto non trovato → backlog
[my-cards-profit] Analizzando (139/200): birk-risa-2025-limited-122
[my-cards-profit]   ⚠️ Prezzo acquisto non trovato → backlog
[my-cards-profit] Analizzando (140/200): hamady-diop-2024-limited-124
[my-cards-profit]   ⚠️ Prezzo acquisto non trovato → backlog
[my-cards-profit] Analizzando (141/200): furkan-beklevic-2023-limited-36
[my-cards-profit]   ⚠️ Prezzo acquisto non trovato → backlog
[my-cards-profit] Analizzando (142/200): ben-hamer-2023-limited-181
[my-cards-profit]   ⚠️ Prezzo acquisto non trovato → backlog
[my-cards-profit] Analizzando (143/200): giuseppe-bovalina-2024-limited-33
[my-cards-profit]   ⚠️ Prezzo acquisto non trovato → backlog
[my-cards-profit] Analizzando (144/200): wilson-eisner-2026-limited-218
[my-cards-profit]   ⚠️ Prezzo acquisto non trovato → backlog
[my-cards-profit] Analizzando (145/200): alex-muyl-2025-limited-385
[my-cards-profit]   ⚠️ Prezzo acquisto non trovato → backlog
[my-cards-profit] Analizzando (146/200): teal-bunbury-2025-limited-238
[my-cards-profit]   ⚠️ Prezzo acquisto non trovato → backlog
[my-cards-profit] Analizzando (147/200): wyatt-meyer-2025-limited-70
[my-cards-profit]   ⚠️ Prezzo acquisto non trovato → backlog
[my-cards-profit] Analizzando (148/200): kieran-sargeant-2026-limited-234
[my-cards-profit]   ⚠️ Prezzo acquisto non trovato → backlog
[my-cards-profit] Analizzando (149/200): mamadou-fofana-2026-limited-321
[my-cards-profit]   ⚠️ Prezzo acquisto non trovato → backlog
[my-cards-profit] Analizzando (150/200): adrian-wibowo-2026-limited-225
[my-cards-profit]   ⚠️ Prezzo acquisto non trovato → backlog
[my-cards-profit] Analizzando (151/200): jack-skahan-2026-limited-176
[my-cards-profit]   ⚠️ Prezzo acquisto non trovato → backlog
[my-cards-profit] Analizzando (152/200): bryce-duke-2026-limited-191
[my-cards-profit]   ⚠️ Prezzo acquisto non trovato → backlog
[my-cards-profit] Analizzando (153/200): steven-berghuis-2025-limited-453
[my-cards-profit]   ⚠️ Prezzo acquisto non trovato → backlog
[my-cards-profit] Analizzando (154/200): grady-diangana-2025-limited-108
[my-cards-profit]   ⚠️ Prezzo acquisto non trovato → backlog
[my-cards-profit] Analizzando (155/200): victor-chust-garcia-2025-limited-293
[my-cards-profit]   ⚠️ Prezzo acquisto non trovato → backlog
[my-cards-profit] Analizzando (156/200): andre-miguel-valente-silva-2025-limited-343
[my-cards-profit]   ⚠️ Prezzo acquisto non trovato → backlog
[my-cards-profit] Analizzando (157/200): georgi-minoungou-2026-limited-223
[my-cards-profit]   ⚠️ Prezzo acquisto non trovato → backlog
[my-cards-profit] Analizzando (158/200): renan-guedes-borges-2025-limited-273
[my-cards-profit]   ⚠️ Prezzo acquisto non trovato → backlog
[my-cards-profit] Analizzando (159/200): tadeo-allende-2026-limited-426
[my-cards-profit]   ⚠️ Prezzo acquisto non trovato → backlog
[my-cards-profit] Analizzando (160/200): andrew-gutman-2026-limited-296
[my-cards-profit]   ⚠️ Prezzo acquisto non trovato → backlog
[my-cards-profit] Analizzando (161/200): tristan-blackmon-2026-limited-364
[my-cards-profit]   ⚠️ Prezzo acquisto non trovato → backlog
[my-cards-profit] Analizzando (162/200): yuji-kitajima-2026-limited-193
[my-cards-profit]   ⚠️ Prezzo acquisto non trovato → backlog
[my-cards-profit] Analizzando (163/200): aleksandr-siljanov-2021-limited-102
[my-cards-profit]   ⚠️ Prezzo acquisto non trovato → backlog
[my-cards-profit] Analizzando (164/200): matias-ezequiel-dituro-2025-limited-663
[my-cards-profit]   ⚠️ Prezzo acquisto non trovato → backlog
[my-cards-profit] Analizzando (165/200): oliver-torres-munoz-2021-limited-39
[my-cards-profit]   ⚠️ Prezzo acquisto non trovato → backlog
[my-cards-profit] Analizzando (166/200): chibuike-godfrey-nwaiwu-2025-limited-366
[my-cards-profit]   ⚠️ Prezzo acquisto non trovato → backlog
[my-cards-profit] Analizzando (167/200): clinton-nsiala-makengo-2025-limited-398
[my-cards-profit]   ⚠️ Prezzo acquisto non trovato → backlog
[my-cards-profit] Analizzando (168/200): sanel-saljic-2025-limited-369
[my-cards-profit]   ⚠️ Prezzo acquisto non trovato → backlog
[my-cards-profit] Analizzando (169/200): lucas-boel-hey-2025-limited-778
[my-cards-profit]   ⚠️ Prezzo acquisto non trovato → backlog
[my-cards-profit] Analizzando (170/200): min-seo-moon-2026-limited-212
[my-cards-profit]   ⚠️ Prezzo acquisto non trovato → backlog
[my-cards-profit] Analizzando (171/200): stefan-mugosa-2026-limited-383
[my-cards-profit]   ⚠️ Prezzo acquisto non trovato → backlog
[my-cards-profit] Analizzando (172/200): dae-won-kim-2026-limited-35
[my-cards-profit]   ⚠️ Prezzo acquisto non trovato → backlog
[my-cards-profit] Analizzando (173/200): christopher-mcvey-2026-limited-333
[my-cards-profit]   ⚠️ Prezzo acquisto non trovato → backlog
[my-cards-profit] Analizzando (174/200): andrew-thomas-1998-09-01-2026-limited-362
[my-cards-profit]   ⚠️ Prezzo acquisto non trovato → backlog
[my-cards-profit] Analizzando (175/200): cabral-jones-carter-2026-limited-233
[my-cards-profit]   ⚠️ Prezzo acquisto non trovato → backlog
[my-cards-profit] Analizzando (176/200): thomas-muller-2026-limited-416
[my-cards-profit]   ⚠️ Prezzo acquisto non trovato → backlog
[my-cards-profit] Analizzando (177/200): jacob-shaffelburg-2026-limited-240
[my-cards-profit]   ⚠️ Prezzo acquisto non trovato → backlog
[my-cards-profit] Analizzando (178/200): brian-white-2026-limited-346
[my-cards-profit]   ⚠️ Prezzo acquisto non trovato → backlog
[my-cards-profit] Analizzando (179/200): darijan-bojanic-2023-limited-141
[my-cards-profit]   ⚠️ Prezzo acquisto non trovato → backlog
[my-cards-profit] Analizzando (180/200): dong-kyung-lee-2026-limited-104
[my-cards-profit]   ⚠️ Prezzo acquisto non trovato → backlog
[my-cards-profit] Analizzando (181/200): pau-navarro-badenes-2025-limited-413
[my-cards-profit]   ⚠️ Prezzo acquisto non trovato → backlog
[my-cards-profit] Analizzando (182/200): moses-usor-2025-limited-765
[my-cards-profit]   ⚠️ Prezzo acquisto non trovato → backlog
[my-cards-profit] Analizzando (183/200): joan-garcia-pons-2025-limited-741
[my-cards-profit]   ⚠️ Prezzo acquisto non trovato → backlog
[my-cards-profit] Analizzando (184/200): robert-kenedy-nunes-do-nascimento-2023-limited-103
[my-cards-profit]   ⚠️ Prezzo acquisto non trovato → backlog
[my-cards-profit] Analizzando (185/200): yari-verschaeren-2022-limited-45
[my-cards-profit]   ⚠️ Prezzo acquisto non trovato → backlog
[my-cards-profit] Analizzando (186/200): william-paul-yarbrough-story-2026-limited-188
[my-cards-profit]   ⚠️ Prezzo acquisto non trovato → backlog
[my-cards-profit] Analizzando (187/200): kerim-sam-alajbegovic-2025-limited-689
[my-cards-profit]   ⚠️ Prezzo acquisto non trovato → backlog
[my-cards-profit] Analizzando (188/200): artem-smolyakov-2026-limited-221
[my-cards-profit]   ⚠️ Prezzo acquisto non trovato → backlog
[my-cards-profit] Analizzando (189/200): jae-hyeok-oh-2026-limited-135
[my-cards-profit]   ⚠️ Prezzo acquisto non trovato → backlog
[my-cards-profit] Analizzando (190/200): myung-sun-kim-2026-limited-23
[my-cards-profit]   ⚠️ Prezzo acquisto non trovato → backlog
[my-cards-profit] Analizzando (191/200): tae-hee-lee-2026-limited-152
[my-cards-profit]   ⚠️ Prezzo acquisto non trovato → backlog
[my-cards-profit] Analizzando (192/200): ranko-veselinovic-2026-limited-204
[my-cards-profit]   ⚠️ Prezzo acquisto non trovato → backlog
[my-cards-profit] Analizzando (193/200): hyeon-mu-kang-2026-limited-111
[my-cards-profit]   ⚠️ Prezzo acquisto non trovato → backlog
[my-cards-profit] Analizzando (194/200): pil-gwan-ko-2026-limited-52
[my-cards-profit]   ⚠️ Prezzo acquisto non trovato → backlog
[my-cards-profit] Analizzando (195/200): joao-pedro-costa-gamboa-2026-limited-174
[my-cards-profit]   ⚠️ Prezzo acquisto non trovato → backlog
[my-cards-profit] Analizzando (196/200): sang-myung-lee-2026-limited-130
[my-cards-profit]   ⚠️ Prezzo acquisto non trovato → backlog
[my-cards-profit] Analizzando (197/200): ju-hyeong-kim-2007-08-20-2026-limited-142
[my-cards-profit]   ⚠️ Prezzo acquisto non trovato → backlog
[my-cards-profit] Analizzando (198/200): chang-geun-lee-2026-limited-199
[my-cards-profit]   ⚠️ Prezzo acquisto non trovato → backlog
[my-cards-profit] Analizzando (199/200): moon-hwan-kim-2026-limited-273
[my-cards-profit]   ⚠️ Prezzo acquisto non trovato → backlog
[my-cards-profit] Analizzando (200/200): kimito-nono-2025-limited-194
[my-cards-profit]   ⚠️ Prezzo acquisto non trovato → backlog
[my-cards-profit] Limite 200 carte raggiunto
[my-cards-profit] Salvate 200 carte analizzate
[my-cards-profit] Backlog aggiornato: 210 carte con problema
[my-cards-profit] Nessuna carta con profit trovata
[my-cards-profit] Esecuzione terminata.
