
===== RUN 2026-07-18 15:13:31 UTC =====
[my-cards-underpriced] Inizio scan carte underpriced...
[my-cards-underpriced] Ricerca carte in vendita...
[my-cards-underpriced] Errore GraphQL: [{'message': "Field 'me' doesn't exist on type 'Query'", 'extensions': {'code': 'UNPROCESSABLE_ENTITY'}}]
[my-cards-underpriced] Trovate 0 carte in vendita
[my-cards-underpriced] Nessuna carta in vendita
[my-cards-underpriced] Esecuzione terminata.

===== RUN 2026-07-18 15:35:17 UTC =====
[my-cards-underpriced] Inizio scan carte underpriced...
[my-cards-underpriced] Ricerca carte in vendita...
[my-cards-underpriced] Errore GraphQL: [{'message': "Field 'manager' doesn't exist on type 'Query'", 'extensions': {'code': 'UNPROCESSABLE_ENTITY'}}]
[my-cards-underpriced] Trovate 0 carte in vendita
[my-cards-underpriced] Nessuna carta in vendita
[my-cards-underpriced] Esecuzione terminata.

===== RUN 2026-07-18 15:40:39 UTC =====
[my-cards-underpriced] Inizio scan carte underpriced...
[my-cards-underpriced] Ricerca carte in vendita...
[my-cards-underpriced] Errore GraphQL: [{'message': "Field 'manager' doesn't exist on type 'Query'", 'extensions': {'code': 'UNPROCESSABLE_ENTITY'}}]
[my-cards-underpriced] Trovate 0 carte in vendita
[my-cards-underpriced] Nessuna carta in vendita
[my-cards-underpriced] Esecuzione terminata.

===== RUN 2026-07-18 16:15:49 UTC =====
[my-cards-underpriced] Inizio scan carte underpriced...
[my-cards-underpriced] Ricerca carte in vendita...
[my-cards-underpriced] Errore GraphQL: [{'message': "Field 'amountInCents' doesn't exist on type 'TokenOffer'", 'extensions': {'code': 'UNPROCESSABLE_ENTITY'}}]
[my-cards-underpriced] Trovate 0 carte in vendita
[my-cards-underpriced] Nessuna carta in vendita
[my-cards-underpriced] Esecuzione terminata.

===== RUN 2026-07-18 16:17:38 UTC =====
[my-cards-underpriced] Inizio scan carte underpriced...
[my-cards-underpriced] Ricerca carte in vendita...
[my-cards-underpriced] Errore GraphQL: [{'message': "Field 'amountInCents' doesn't exist on type 'TokenOffer'", 'extensions': {'code': 'UNPROCESSABLE_ENTITY'}}]
[my-cards-underpriced] Trovate 0 carte in vendita
[my-cards-underpriced] Nessuna carta in vendita
[my-cards-underpriced] Esecuzione terminata.

===== RUN 2026-07-18 16:18:11 UTC =====
[my-cards-underpriced] Inizio scan carte underpriced...
[my-cards-underpriced] Ricerca carte in vendita...
[my-cards-underpriced] Errore GraphQL: [{'message': "Field 'amountInCents' doesn't exist on type 'TokenOffer'", 'extensions': {'code': 'UNPROCESSABLE_ENTITY'}}]
[my-cards-underpriced] Trovate 0 carte in vendita
[my-cards-underpriced] Nessuna carta in vendita
[my-cards-underpriced] Esecuzione terminata.

===== RUN 2026-07-18 16:20:47 UTC =====
[my-cards-underpriced] Inizio scan carte underpriced...
[my-cards-underpriced] Ricerca carte in vendita...
[my-cards-underpriced] Errore GraphQL: [{'message': "Field 'amountInCents' doesn't exist on type 'TokenOffer'", 'extensions': {'code': 'UNPROCESSABLE_ENTITY'}}]
[my-cards-underpriced] Trovate 0 carte in vendita
[my-cards-underpriced] Nessuna carta in vendita
[my-cards-underpriced] Esecuzione terminata.

===== RUN 2026-07-18 16:30:09 UTC =====
[my-cards-underpriced] Inizio scan carte underpriced...
[my-cards-underpriced] Ricerca carte in vendita...
[my-cards-underpriced] Errore GraphQL: [{'message': "Field 'amountInCents' doesn't exist on type 'TokenOffer'", 'extensions': {'code': 'UNPROCESSABLE_ENTITY'}}]
[my-cards-underpriced] Trovate 0 carte in vendita
[my-cards-underpriced] Nessuna carta in vendita
[my-cards-underpriced] Esecuzione terminata.

===== RUN 2026-07-18 16:34:36 UTC =====
[my-cards-underpriced] Inizio scan carte underpriced...
[my-cards-underpriced] Ricerca carte in vendita...
[my-cards-underpriced] Errore GraphQL: [{'message': "Field 'amountInCents' doesn't exist on type 'TokenOffer'", 'extensions': {'code': 'UNPROCESSABLE_ENTITY'}}]
[my-cards-underpriced] Trovate 0 carte in vendita
[my-cards-underpriced] Nessuna carta in vendita
[my-cards-underpriced] Esecuzione terminata.

===== RUN 2026-07-18 16:35:54 UTC =====
[my-cards-underpriced] Inizio scan carte underpriced...
[my-cards-underpriced] Ricerca carte in vendita...
[my-cards-underpriced] Errore GraphQL: [{'message': "Field 'amountInCents' doesn't exist on type 'TokenOffer'", 'extensions': {'code': 'UNPROCESSABLE_ENTITY'}}]
[my-cards-underpriced] Trovate 0 carte in vendita
[my-cards-underpriced] Nessuna carta in vendita
[my-cards-underpriced] Esecuzione terminata.

===== RUN 2026-07-18 16:39:49 UTC =====
[my-cards-underpriced] Inizio scan carte underpriced...
[my-cards-underpriced] Ricerca carte in vendita...
[my-cards-underpriced] Trovate 1923 carte in vendita
[my-cards-underpriced] Nessuna carta underpriced
[my-cards-underpriced] Esecuzione terminata.

===== RUN 2026-07-18 16:43:47 UTC =====
[my-cards-underpriced] Inizio scan carte underpriced...
[my-cards-underpriced] Ricerca carte in vendita...
[my-cards-underpriced] Trovate 1923 carte in vendita
[my-cards-underpriced] 
📈 Statistiche scansione:
[my-cards-underpriced]   Totale carte in vendita: 1923
[my-cards-underpriced]   Carte effettivamente controllate: 0
[my-cards-underpriced]   Carte scartate (no prezzo mio): 1911
[my-cards-underpriced]   Carte scartate (no market price): 12
[my-cards-underpriced]   Carte underpriced trovate: 0
[my-cards-underpriced] Nessuna carta underpriced
[my-cards-underpriced] Esecuzione terminata.

===== RUN 2026-07-18 16:51:20 UTC =====
[my-cards-underpriced] Inizio scan carte underpriced...
[my-cards-underpriced] Ricerca carte in vendita...
[my-cards-underpriced] Trovate 1923 carte in vendita
[my-cards-underpriced] 🔴 kalvin-phillips-2025-limited-525: mio 1.50€ vs market 1.48€ (+1.4%)
[my-cards-underpriced] 🔴 cheol-woo-park-2026-limited-353: mio 3.90€ vs market 3.26€ (+19.6%)
[my-cards-underpriced] 🔴 gabriel-silva-moscardo-de-salles-2025-limited-461: mio 0.99€ vs market 0.95€ (+4.2%)
[my-cards-underpriced] 
📈 Statistiche scansione:
[my-cards-underpriced]   Totale carte in vendita: 1923
[my-cards-underpriced]   Carte effettivamente controllate: 13
[my-cards-underpriced]   Carte scartate (no prezzo mio): 1910
[my-cards-underpriced]   Carte scartate (no market price): 0
[my-cards-underpriced]   Carte underpriced trovate: 3
[my-cards-underpriced] 
💬 Invio 3 carte via Telegram...
Traceback (most recent call last):
  File "/home/runner/work/Sorare-tracker-2/Sorare-tracker-2/my_cards_underpriced.py", line 288, in <module>
    run_underpriced_scan()
  File "/home/runner/work/Sorare-tracker-2/Sorare-tracker-2/my_cards_underpriced.py", line 260, in run_underpriced_scan
    send_notifications(underpriced)
  File "/home/runner/work/Sorare-tracker-2/Sorare-tracker-2/my_cards_underpriced.py", line 283, in send_notifications
    track.send_telegram_msg(msg, token=TELEGRAM_TOKEN, chat_id=TELEGRAM_CHAT_ID)
TypeError: send_telegram_msg() got an unexpected keyword argument 'token'

===== RUN 2026-07-18 17:13:14 UTC =====
[my-cards-underpriced] Inizio scan carte underpriced...
[my-cards-underpriced] Ricerca carte in vendita...
[my-cards-underpriced] Trovate 1923 carte in vendita
[my-cards-underpriced] 🔴 kalvin-phillips-2025-limited-525: mio 1.50€ vs market 1.48€ (+1.4%)
[my-cards-underpriced] 🔴 cheol-woo-park-2026-limited-353: mio 3.90€ vs market 3.16€ (+23.4%)
[my-cards-underpriced] 🔴 gabriel-silva-moscardo-de-salles-2025-limited-461: mio 0.99€ vs market 0.95€ (+4.2%)
[my-cards-underpriced] 
📈 Statistiche scansione:
[my-cards-underpriced]   Totale carte in vendita: 1923
[my-cards-underpriced]   Carte effettivamente controllate: 13
[my-cards-underpriced]   Carte scartate (no prezzo mio): 1910
[my-cards-underpriced]   Carte scartate (no market price): 0
[my-cards-underpriced]   Carte underpriced trovate: 3
[my-cards-underpriced] 
💬 Invio 3 carte via Telegram...
[my-cards-underpriced] Notifica blocco 1 inviata
[my-cards-underpriced] Esecuzione terminata.

===== RUN 2026-07-18 17:18:29 UTC =====
[my-cards-underpriced] Inizio scan carte underpriced...
[my-cards-underpriced] Ricerca carte in vendita...
[my-cards-underpriced] Trovate 1923 carte in vendita
[my-cards-underpriced] 🔴 kalvin-phillips-2025-limited-525: mio 1.50€ vs market 1.48€ (+1.4%)
[my-cards-underpriced] 🔴 cheol-woo-park-2026-limited-353: mio 3.90€ vs market 3.16€ (+23.4%)
[my-cards-underpriced] 🔴 gabriel-silva-moscardo-de-salles-2025-limited-461: mio 0.99€ vs market 0.95€ (+4.2%)
[my-cards-underpriced] 
📈 Statistiche scansione:
[my-cards-underpriced]   Totale carte in vendita: 1923
[my-cards-underpriced]   Carte effettivamente controllate: 13
[my-cards-underpriced]   Carte scartate (no prezzo mio): 1910
[my-cards-underpriced]   Carte scartate (no market price): 0
[my-cards-underpriced]   Carte underpriced trovate: 3
[my-cards-underpriced] 
💬 Invio 3 carte via Telegram...
[my-cards-underpriced] Notifica blocco 1 inviata
[my-cards-underpriced] Esecuzione terminata.

===== RUN 2026-07-19 16:37:29 UTC =====
[my-cards-underpriced] Inizio scan carte underpriced...
[my-cards-underpriced] Ricerca carte in vendita...
[my-cards-underpriced] Trovate 1933 carte in vendita
[my-cards-underpriced] 🔴 thijs-oosting-2025-limited-452: mio 0.49€ vs market 0.44€ (+11.4%)
[my-cards-underpriced] 🔴 ibrahima-konate-2025-limited-947: mio 7.70€ vs market 6.33€ (+21.6%)
[my-cards-underpriced] 🔴 kalvin-phillips-2025-limited-525: mio 1.40€ vs market 1.34€ (+4.5%)
[my-cards-underpriced] 🔴 darijan-bojanic-2026-limited-557: mio 6.40€ vs market 6.20€ (+3.2%)
[my-cards-underpriced] 🔴 cheol-woo-park-2026-limited-353: mio 3.15€ vs market 3.14€ (+0.3%)
[my-cards-underpriced] 🔴 myung-jae-lee-2026-limited-356: mio 3.25€ vs market 3.15€ (+3.2%)
[my-cards-underpriced] 🔴 nicolas-fernandez-mercau-2025-limited-108: mio 14.50€ vs market 14.40€ (+0.7%)
[my-cards-underpriced] 
📈 Statistiche scansione:
[my-cards-underpriced]   Totale carte in vendita: 1933
[my-cards-underpriced]   Carte effettivamente controllate: 17
[my-cards-underpriced]   Carte scartate (no prezzo mio): 1916
[my-cards-underpriced]   Carte scartate (no market price): 0
[my-cards-underpriced]   Carte underpriced trovate: 7
[my-cards-underpriced] 
💬 Invio 7 carte via Telegram...
[my-cards-underpriced] Notifica blocco 1 inviata
[my-cards-underpriced] Esecuzione terminata.

===== RUN 2026-07-23 22:03:56 UTC =====
[my-cards-underpriced] Inizio scan carte underpriced...
[my-cards-underpriced] Ricerca carte in vendita...
[my-cards-underpriced] Trovate 2003 carte in vendita
[my-cards-underpriced] 🔴 seong-kwon-jo-2026-limited-36: mio 1.77€ vs market 1.75€ (+1.1%)
[my-cards-underpriced] 🔴 jun-ha-kim-2026-limited-209: mio 1.95€ vs market 1.94€ (+0.5%)
[my-cards-underpriced] 🔴 oliver-baumann-2021-limited-48: mio 3.70€ vs market 3.68€ (+0.5%)
[my-cards-underpriced] 🔴 jack-harrison-2023-limited-54: mio 1.45€ vs market 0.96€ (+51.0%)
[my-cards-underpriced] 🔴 reid-roberts-2026-limited-501: mio 5.50€ vs market 5.09€ (+8.1%)
[my-cards-underpriced] 🔴 facundo-mura-2026-limited-448: mio 1.45€ vs market 1.38€ (+5.1%)
[my-cards-underpriced] 🔴 emil-forsberg-2026-limited-306: mio 2.80€ vs market 2.74€ (+2.2%)
[my-cards-underpriced] 🔴 novak-micovic-2026-limited-415: mio 2.50€ vs market 2.20€ (+13.6%)
[my-cards-underpriced] 🔴 julian-krahl-2024-limited-90: mio 2.25€ vs market 2.18€ (+3.2%)
[my-cards-underpriced] 🔴 hugo-lloris-2024-limited-666: mio 6.75€ vs market 6.70€ (+0.7%)
[my-cards-underpriced] 🔴 bruno-rodrigues-mota-2026-limited-347: mio 2.35€ vs market 2.20€ (+6.8%)
[my-cards-underpriced] 🔴 min-ha-shin-2026-limited-151: mio 2.50€ vs market 1.85€ (+35.1%)
[my-cards-underpriced] 🔴 ji-soo-park-2026-limited-295: mio 2.25€ vs market 2.00€ (+12.5%)
[my-cards-underpriced] 🔴 raul-gustavo-pereira-bicalho-2026-limited-222: mio 1.95€ vs market 1.80€ (+8.3%)
[my-cards-underpriced] 🔴 nolan-norris-2026-limited-348: mio 2.80€ vs market 2.50€ (+12.0%)
[my-cards-underpriced] 🔴 hyung-geun-kim-2026-limited-413: mio 1.49€ vs market 1.16€ (+28.4%)
[my-cards-underpriced] 🔴 mamadou-fofana-2026-limited-488: mio 14.70€ vs market 14.50€ (+1.4%)
[my-cards-underpriced] 🔴 jose-pedro-malheiro-de-sa-2023-limited-565: mio 1.77€ vs market 1.75€ (+1.1%)
[my-cards-underpriced] 🔴 sergi-palencia-hurtado-2026-limited-238: mio 1.25€ vs market 1.00€ (+25.0%)
[my-cards-underpriced] 🔴 cabral-jones-carter-2026-limited-76: mio 1.55€ vs market 1.35€ (+14.8%)
[my-cards-underpriced] 🔴 milan-skriniar-2024-limited-673: mio 2.70€ vs market 1.71€ (+57.9%)
[my-cards-underpriced] 🔴 iliman-ndiaye-2024-limited-470: mio 1.55€ vs market 1.50€ (+3.3%)
[my-cards-underpriced] 🔴 unai-marrero-larranaga-2024-limited-224: mio 1.66€ vs market 1.58€ (+5.1%)
[my-cards-underpriced] 🔴 camilo-andres-vargas-gil-2025-limited-9: mio 1.90€ vs market 1.45€ (+31.0%)
[my-cards-underpriced] 🔴 gjivai-zechiel-2024-limited-329: mio 6.10€ vs market 6.00€ (+1.7%)
[my-cards-underpriced] 🔴 hasan-kurucay-2025-limited-117: mio 0.51€ vs market 0.34€ (+50.0%)
[my-cards-underpriced] 🔴 cristian-omar-espinoza-2025-limited-522: mio 1.10€ vs market 0.94€ (+17.0%)
[my-cards-underpriced] 🔴 maximilian-arfsten-2025-limited-439: mio 0.99€ vs market 0.79€ (+25.3%)
[my-cards-underpriced] 🔴 owen-wolff-2025-limited-416: mio 2.00€ vs market 1.98€ (+1.0%)
[my-cards-underpriced] 🔴 pablo-fornals-malla-2025-limited-265: mio 1.53€ vs market 1.48€ (+3.4%)
[my-cards-underpriced] 🔴 jean-philippe-mateta-2023-limited-419: mio 1.35€ vs market 1.20€ (+12.5%)
[my-cards-underpriced] 🔴 jae-hyeok-oh-2026-limited-181: mio 1.99€ vs market 1.88€ (+5.9%)
[my-cards-underpriced] 🔴 jerome-prior-2025-limited-635: mio 0.75€ vs market 0.70€ (+7.1%)
[my-cards-underpriced] 🔴 jacob-brochner-ambaek-2025-limited-887: mio 1.10€ vs market 0.89€ (+23.6%)
[my-cards-underpriced] 🔴 fabio-daniel-ferreira-vieira-2021-limited-109: mio 1.50€ vs market 1.25€ (+20.0%)
[my-cards-underpriced] 🔴 jesper-karlstrom-2024-limited-57: mio 0.50€ vs market 0.48€ (+4.2%)
[my-cards-underpriced] 🔴 thijs-oosting-2025-limited-452: mio 0.51€ vs market 0.43€ (+18.6%)
[my-cards-underpriced] 🔴 georgios-vagiannidis-2025-limited-602: mio 0.51€ vs market 0.40€ (+27.5%)
[my-cards-underpriced] 🔴 hugo-duro-perales-2025-limited-211: mio 0.51€ vs market 0.39€ (+30.8%)
[my-cards-underpriced] 🔴 leonardo-filipe-cruz-lelo-2025-limited-75: mio 0.50€ vs market 0.34€ (+47.1%)
[my-cards-underpriced] 🔴 gustaf-lagerbielke-2025-limited-159: mio 0.51€ vs market 0.49€ (+4.1%)
[my-cards-underpriced] 🔴 ibrahima-konate-2025-limited-947: mio 4.80€ vs market 4.60€ (+4.3%)
[my-cards-underpriced] 🔴 alexandre-zurawski-2025-limited-458: mio 1.33€ vs market 1.15€ (+15.7%)
[my-cards-underpriced] 🔴 kalvin-phillips-2025-limited-525: mio 1.15€ vs market 1.07€ (+7.5%)
[my-cards-underpriced] 🔴 darijan-bojanic-2026-limited-557: mio 4.50€ vs market 3.40€ (+32.4%)
[my-cards-underpriced] 🔴 shuto-nakano-2026-limited-309: mio 0.89€ vs market 0.87€ (+2.3%)
[my-cards-underpriced] 🔴 nicolas-fernandez-mercau-2025-limited-108: mio 10.90€ vs market 10.50€ (+3.8%)
[my-cards-underpriced] 🔴 joeri-jesse-heerkens-2025-limited-438: mio 2.49€ vs market 2.45€ (+1.6%)
[my-cards-underpriced] 
📈 Statistiche scansione:
[my-cards-underpriced]   Totale carte in vendita: 2003
[my-cards-underpriced]   Carte effettivamente controllate: 90
[my-cards-underpriced]   Carte scartate (no prezzo mio): 1913
[my-cards-underpriced]   Carte scartate (no market price): 0
[my-cards-underpriced]   Carte underpriced trovate: 48
[my-cards-underpriced] 
💬 Invio 48 carte via Telegram...
[my-cards-underpriced] Notifica blocco 1 inviata
[my-cards-underpriced] Notifica blocco 2 inviata
[my-cards-underpriced] Notifica blocco 3 inviata
[my-cards-underpriced] Notifica blocco 4 inviata
[my-cards-underpriced] Notifica blocco 5 inviata
[my-cards-underpriced] Esecuzione terminata.
