
===== RUN 2026-07-17 22:37:10 UTC =====
[2026-07-17 22:37:11] Tasso ETH/EUR: 1606.5
[2026-07-17 22:37:11] Stagione In Season corrente: 2025-26
[2026-07-17 22:37:11] [coda riverifica] Finn Dahmen (in_season, 2025-26): caso troppo vecchio (accodato il 2026-07-17T15:32:33.250670), scartato senza riverificare
[2026-07-17 22:37:11] [coda riverifica] Raphael Sallinger (classic, 2024-25): caso troppo vecchio (accodato il 2026-07-17T15:32:39.131565), scartato senza riverificare
[2026-07-17 22:37:11] [coda riverifica] Kristijan Kahlina (in_season, 2026): caso troppo vecchio (accodato il 2026-07-17T15:33:05.226216), scartato senza riverificare
[2026-07-17 22:37:11] [coda riverifica] Nicolò Tresoldi (in_season, 2025-26): caso troppo vecchio (accodato il 2026-07-17T15:33:16.285593), scartato senza riverificare
[2026-07-17 22:37:11] [coda riverifica] Egil Selvik (in_season, 2025-26): caso troppo vecchio (accodato il 2026-07-17T15:33:16.503187), scartato senza riverificare
[2026-07-17 22:37:11] [coda riverifica] Adrien Rabiot (in_season, 2025-26): caso troppo vecchio (accodato il 2026-07-17T15:34:01.426102), scartato senza riverificare
[2026-07-17 22:37:11] [coda riverifica] Luka Bogdan (classic, 2021-22): caso troppo vecchio (accodato il 2026-07-17T15:34:01.644794), scartato senza riverificare
[2026-07-17 22:37:11] [coda riverifica] Kang Sang-Woo (in_season, 2026): caso troppo vecchio (accodato il 2026-07-17T15:34:28.532633), scartato senza riverificare
[2026-07-17 22:37:11] [coda riverifica] Jakob Tranziska (in_season, 2026): caso troppo vecchio (accodato il 2026-07-17T15:34:36.010523), scartato senza riverificare
[2026-07-17 22:37:11] [coda riverifica] Ben Lundt (in_season, 2026): caso troppo vecchio (accodato il 2026-07-17T15:35:02.427992), scartato senza riverificare
[2026-07-17 22:37:11] [coda riverifica] Angelo Stiller (classic, 2024-25): caso troppo vecchio (accodato il 2026-07-17T15:35:04.455054), scartato senza riverificare
[2026-07-17 22:37:11] [coda riverifica] Ouji Kawanami (classic, 2023): caso troppo vecchio (accodato il 2026-07-17T15:35:20.525780), scartato senza riverificare
[2026-07-17 22:37:11] Ascolto per 200 secondi...
[2026-07-17 22:37:11] Connesso al canale eventi Sorare, sottoscrizione in corso...
[2026-07-17 22:37:12] Sottoscrizione confermata, in ascolto...
[2026-07-17 22:37:18] Lucas Chevalier (classic, 2024-25): l'annuncio che ha scatenato l'evento (9.96EUR) e' piu' economico del minimo trovato dalla verifica live (9.97EUR) -- probabilmente ancora nella finestra di invisibilita' di Sorare, accodo per riverifica
[2026-07-17 22:37:18] Lucas Chevalier (classic, 2024-25): inizializzazione a 9.97EUR
[2026-07-17 22:37:19] Matheus Oliveira (in_season, 2026): l'annuncio che ha scatenato l'evento (22.17EUR) e' piu' economico del minimo trovato dalla verifica live (22.50EUR) -- probabilmente ancora nella finestra di invisibilita' di Sorare, accodo per riverifica
[2026-07-17 22:37:47] Lucas Rosa (classic, 2024-25): l'annuncio che ha scatenato l'evento (2.54EUR) e' piu' economico del minimo trovato dalla verifica live (2.57EUR) -- probabilmente ancora nella finestra di invisibilita' di Sorare, accodo per riverifica
[2026-07-17 22:37:50] Lawrence Shankland (in_season, 2025-26): l'annuncio che ha scatenato l'evento (2.39EUR) e' piu' economico del minimo trovato dalla verifica live (2.41EUR) -- probabilmente ancora nella finestra di invisibilita' di Sorare, accodo per riverifica
[2026-07-17 22:37:50] Lawrence Shankland (in_season, 2025-26): riferimento salvato troppo vecchio (ultimo aggiornamento 2026-07-15T21:34:00.567222), lo riallineo senza notificare (2.50EUR -> 2.41EUR)
[2026-07-17 22:37:53] Ayyoub Bouaddi (in_season, 2025-26): piccola variazione, aggiorno il riferimento (8.95EUR -> 8.74EUR), secondo prezzo 8.81EUR (margine 0.8%)
[2026-07-17 22:38:19] Ryunosuke Sato (in_season, 2026): inizializzazione a 2.44EUR
[2026-07-17 22:38:28] Dayot Upamecano (classic, 2024-25): riferimento salvato troppo vecchio (ultimo aggiornamento 2026-07-15T14:41:30.167577), lo riallineo senza notificare (13.00EUR -> 13.17EUR)
[2026-07-17 22:38:28] Luis López (classic, 2023-24): l'annuncio che ha scatenato l'evento (2.82EUR) e' piu' economico del minimo trovato dalla verifica live (2.83EUR) -- probabilmente ancora nella finestra di invisibilita' di Sorare, accodo per riverifica
[2026-07-17 22:38:28] Luis López (classic, 2023-24): piccola variazione, aggiorno il riferimento (2.87EUR -> 2.83EUR), secondo prezzo 2.88EUR (margine 1.6%)
[2026-07-17 22:38:34] Raphaël Varane (classic, 2022-23): inizializzazione a 8.67EUR
[2026-07-17 22:38:39] Sivera (classic, 2024-25): riferimento salvato troppo vecchio (ultimo aggiornamento 2026-07-15T17:53:36.624670), lo riallineo senza notificare (3.70EUR -> 3.65EUR)
[2026-07-17 22:38:50] Gabriel Martinelli (in_season, 2025-26): riferimento salvato troppo vecchio (ultimo aggiornamento 2026-07-15T17:45:49.242275), lo riallineo senza notificare (2.20EUR -> 2.89EUR)
[2026-07-17 22:39:02] Jonathan Bond (in_season, 2026): l'annuncio che ha scatenato l'evento (8.54EUR) e' piu' economico del minimo trovato dalla verifica live (8.55EUR) -- probabilmente ancora nella finestra di invisibilita' di Sorare, accodo per riverifica
[2026-07-17 22:39:38] Lukáš Hradecky (classic, 2023-24): l'annuncio che ha scatenato l'evento (2.49EUR) e' piu' economico del minimo trovato dalla verifica live (2.90EUR) -- probabilmente ancora nella finestra di invisibilita' di Sorare, accodo per riverifica
[2026-07-17 22:40:07] Alexander Isak (in_season, 2025-26): riferimento salvato troppo vecchio (ultimo aggiornamento 2026-07-15T17:07:38.984852), lo riallineo senza notificare (9.70EUR -> 7.87EUR)
[2026-07-17 22:40:12] Maghnes Akliouche (classic, 2024-25): l'annuncio che ha scatenato l'evento (5.05EUR) e' piu' economico del minimo trovato dalla verifica live (5.06EUR) -- probabilmente ancora nella finestra di invisibilita' di Sorare, accodo per riverifica
[2026-07-17 22:40:17] Johan Manzambi (classic, 2024-25): piccola variazione, aggiorno il riferimento (7.50EUR -> 7.39EUR), secondo prezzo 8.40EUR (margine 12.0%)
[2026-07-17 22:40:17] [diagnostica alert] johan-manzambi: 42 annunci live grezzi trovati
[2026-07-17 22:40:17] [diagnostica alert]   status=opened prezzo=7.3899 slug=johan-manzambi-2024-limited-557 rarita'=limited sport=FOOTBALL stagione=2024-25 inSeasonEligible=False
[2026-07-17 22:40:17] [diagnostica alert]   status=opened prezzo=8.4 slug=johan-manzambi-2024-limited-583 rarita'=limited sport=FOOTBALL stagione=2024-25 inSeasonEligible=False
[2026-07-17 22:40:17] [diagnostica alert]   status=opened prezzo=8.49 slug=johan-manzambi-2025-limited-274 rarita'=limited sport=FOOTBALL stagione=2025-26 inSeasonEligible=True
[2026-07-17 22:40:17] [diagnostica alert]   status=opened prezzo=8.5 slug=johan-manzambi-2025-limited-677 rarita'=limited sport=FOOTBALL stagione=2025-26 inSeasonEligible=True
[2026-07-17 22:40:17] [diagnostica alert]   status=opened prezzo=8.51445 slug=johan-manzambi-2025-limited-747 rarita'=limited sport=FOOTBALL stagione=2025-26 inSeasonEligible=True
[2026-07-17 22:40:17] [diagnostica alert]   status=opened prezzo=8.6751 slug=johan-manzambi-2025-limited-889 rarita'=limited sport=FOOTBALL stagione=2025-26 inSeasonEligible=True
[2026-07-17 22:40:17] [diagnostica alert]   status=opened prezzo=9.0 slug=johan-manzambi-2025-limited-894 rarita'=limited sport=FOOTBALL stagione=2025-26 inSeasonEligible=True
[2026-07-17 22:40:17] [diagnostica alert]   status=opened prezzo=9.07 slug=johan-manzambi-2024-limited-410 rarita'=limited sport=FOOTBALL stagione=2024-25 inSeasonEligible=False
[2026-07-17 22:40:17] [diagnostica alert]   ... altri 34 annunci omessi (mostrati solo i 8 piu' economici)
[2026-07-17 22:40:17] OPPORTUNITA' DI MARGINE (nessun calo recente) Johan Manzambi (classic, 2024-25): minimo 7.39EUR, secondo prezzo 8.40EUR (margine 12.0%, richiesto 9.5%) -- BLOCCATO: solo 3 transazioni reali negli ultimi 21 giorni (minimo richiesto 4), mercato troppo sottile, notifica NON inviata (solo loggata per controllo)
[2026-07-17 22:40:17] Johan Manzambi: ultime 3 transazioni concluse, dalla piu' recente (vendita/scambio/asta/offerta, tutte le stampe 'limited'): 7.59EUR, 5.92EUR, 7.71EUR -- ATTENZIONE: una transazione del 2026-07-16T15:49:01Z si e' gia' conclusa a 5.92EUR, pari o piu' economica: potrebbe non essere un vero affare nonostante il calo rilevato -- MERCATO SOTTILE: solo 3 transazioni negli ultimi 21 giorni, il secondo prezzo e' meno affidabile
[2026-07-17 22:40:31] Connessione chiusa (codice None). Eventi ricevuti: 720, carte Limited/football elaborate: 37
[2026-07-17 22:40:31] [diagnostica tracker] distribuzione status offerte osservate: {'cancelled': 301, 'opened': 324, 'accepted': 7, 'ready_for_scoring': 7, 'pending_migration': 7, 'settlable': 7, 'ended': 61}
[2026-07-17 22:40:31] [diagnostica valute] branch usati in eur_price_from_amounts questa esecuzione: {'eurCents': 768, 'wei': 149, 'usdCents': 317, 'gbpCents': 33, 'lamport': 0, 'none': 0}
[2026-07-17 22:40:31] [riepilogo] Inizializzati 3, Riferimento riallineato (stantio) 5, Bloccato (mercato troppo sottile, poche transazioni) 1, Piccola variazione 3
[2026-07-17 22:40:31] Esecuzione terminata.
