[2026-07-17 20:10:24] [modello zenlock] Tasso ETH/EUR: 1605.45
[2026-07-17 20:10:24] [modello zenlock] Ascolto per 250 secondi (soglie: classic <=4.0EUR / in_season <=8.0EUR, sconto min 25%)...
[2026-07-17 20:10:24] [modello zenlock] connesso al canale eventi Sorare, sottoscrizione in corso...
[2026-07-17 20:10:25] [modello zenlock] sottoscrizione confermata, in ascolto...
[2026-07-17 20:10:30] [modello zenlock] sostituto in season ancora piu' economico (0.65EUR contro 1.00EUR classic) per Jonas Sterner, non e' un affare distinto, non notifico
[2026-07-17 20:10:32] [modello zenlock] sostituto in season ancora piu' economico (0.42EUR contro 2.19EUR classic) per Oliver Sonne, non e' un affare distinto, non notifico
[2026-07-17 20:10:33] [modello zenlock] sostituto in season ancora piu' economico (2.14EUR contro 3.00EUR classic) per Álvaro Fernández, non e' un affare distinto, non notifico
[2026-07-17 20:10:35] [modello zenlock] sostituto in season ancora piu' economico (0.31EUR contro 0.59EUR classic) per Elton Kabangu, non e' un affare distinto, non notifico
[2026-07-17 20:10:44] [modello zenlock] riferimento classic (1.88EUR) sostituito dal minimo in_season piu' economico (1.18EUR) per Ayumu Yokoyama, vedi caso Szoboszlai
[2026-07-17 20:10:45] [modello zenlock] sostituto in season ancora piu' economico (2.00EUR contro 7.77EUR classic) per Park Jin-Seop, non e' un affare distinto, non notifico
[2026-07-17 20:10:47] [modello zenlock] sostituto in season ancora piu' economico (0.45EUR contro 1.74EUR classic) per Angel Gomes, non e' un affare distinto, non notifico
[2026-07-17 20:10:48] [modello zenlock] sostituto in season ancora piu' economico (0.41EUR contro 0.48EUR classic) per Jordy Clasie, non e' un affare distinto, non notifico
[2026-07-17 20:11:04] [modello zenlock] sostituto in season ancora piu' economico (0.62EUR contro 1.76EUR classic) per Yeo Bong-Hun, non e' un affare distinto, non notifico
[2026-07-17 20:11:06] [modello zenlock] sostituto in season ancora piu' economico (4.40EUR contro 4.59EUR classic) per James Garner, non e' un affare distinto, non notifico
[2026-07-17 20:11:06] [modello zenlock] sostituto in season ancora piu' economico (0.35EUR contro 0.48EUR classic) per Aihen, non e' un affare distinto, non notifico
[2026-07-17 20:11:08] [modello zenlock] sostituto in season ancora piu' economico (0.44EUR contro 0.50EUR classic) per Marvin Pieringer, non e' un affare distinto, non notifico
[2026-07-17 20:11:08] [modello zenlock] sostituto in season ancora piu' economico (2.00EUR contro 3.00EUR classic) per Nick Olij, non e' un affare distinto, non notifico
[2026-07-17 20:11:09] [modello zenlock] sostituto in season ancora piu' economico (0.41EUR contro 0.60EUR classic) per Dwight McNeil, non e' un affare distinto, non notifico
[2026-07-17 20:11:09] [modello zenlock] sostituto in season ancora piu' economico (2.09EUR contro 2.49EUR classic) per Miles Robinson, non e' un affare distinto, non notifico
[2026-07-17 20:11:24] [modello zenlock] sostituto in season ancora piu' economico (9.10EUR contro 11.99EUR classic) per Mohamed Salah, non e' un affare distinto, non notifico
[2026-07-17 20:11:26] [modello zenlock] sostituto in season ancora piu' economico (0.44EUR contro 0.50EUR classic) per Gerard Moreno, non e' un affare distinto, non notifico
[2026-07-17 20:11:27] [modello zenlock] sostituto in season ancora piu' economico (0.33EUR contro 0.59EUR classic) per Leonardo Sigali, non e' un affare distinto, non notifico
[2026-07-17 20:11:45] [modello zenlock] sostituto in season ancora piu' economico (0.33EUR contro 0.48EUR classic) per Philipp Ziereis, non e' un affare distinto, non notifico
[2026-07-17 20:11:45] [modello zenlock] riferimento live 10.00EUR per Álvaro Valles molto piu' caro dell'ultima vendita REALE (3.87EUR, 0.0gg fa) -- probabile annuncio stagnante, non notifico
[2026-07-17 20:11:46] [modello zenlock] riferimento classic (0.58EUR) sostituito dal minimo in_season piu' economico (0.58EUR) per Josip Silić, vedi caso Szoboszlai
[2026-07-17 20:11:48] [modello zenlock] riferimento classic (1.15EUR) sostituito dal minimo in_season piu' economico (0.99EUR) per Nordin Bakker, vedi caso Szoboszlai
[2026-07-17 20:11:48] [modello zenlock] sostituto in season ancora piu' economico (0.33EUR contro 0.48EUR classic) per Malcolm Viltard, non e' un affare distinto, non notifico
[2026-07-17 20:11:49] [modello zenlock] sostituto in season ancora piu' economico (0.35EUR contro 0.59EUR classic) per Josip Elez, non e' un affare distinto, non notifico
[2026-07-17 20:11:52] [modello zenlock] sostituto in season ancora piu' economico (0.32EUR contro 0.48EUR classic) per Lukas Jäger, non e' un affare distinto, non notifico
[2026-07-17 20:11:54] [modello zenlock] riferimento classic (1.15EUR) sostituito dal minimo in_season piu' economico (0.99EUR) per Nordin Bakker, vedi caso Szoboszlai
[2026-07-17 20:12:06] [modello zenlock] sostituto in season ancora piu' economico (0.45EUR contro 1.00EUR classic) per Blaž Bošković, non e' un affare distinto, non notifico
[2026-07-17 20:12:07] [modello zenlock] riferimento classic (0.45EUR) sostituito dal minimo in_season piu' economico (0.39EUR) per Yukinari Sugawara, vedi caso Szoboszlai
[2026-07-17 20:12:08] [modello zenlock] sostituto in season ancora piu' economico (0.42EUR contro 0.48EUR classic) per Maxim Leitsch, non e' un affare distinto, non notifico
[2026-07-17 20:12:08] [modello zenlock] sostituto in season ancora piu' economico (0.49EUR contro 1.02EUR classic) per Emmanuel Kakou, non e' un affare distinto, non notifico
[2026-07-17 20:12:11] [modello zenlock] sostituto in season ancora piu' economico (0.45EUR contro 0.48EUR classic) per Pablo Marín, non e' un affare distinto, non notifico
[2026-07-17 20:12:14] [modello zenlock] sostituto in season ancora piu' economico (0.33EUR contro 0.62EUR classic) per Chukwubuikem Ikwuemesi, non e' un affare distinto, non notifico
[2026-07-17 20:12:16] [modello zenlock] sostituto in season ancora piu' economico (0.36EUR contro 0.48EUR classic) per Iván Martín, non e' un affare distinto, non notifico
[2026-07-17 20:12:20] [modello zenlock] sostituto in season ancora piu' economico (0.50EUR contro 0.60EUR classic) per Vincenzo Grifo, non e' un affare distinto, non notifico
[2026-07-17 20:12:26] [modello zenlock] sostituto in season ancora piu' economico (0.33EUR contro 0.48EUR classic) per Thierry Lutonda, non e' un affare distinto, non notifico
[2026-07-17 20:12:26] [modello zenlock] sostituto in season ancora piu' economico (0.48EUR contro 1.00EUR classic) per Nicolás Capaldo, non e' un affare distinto, non notifico
[2026-07-17 20:12:28] [modello zenlock] sostituto in season ancora piu' economico (0.32EUR contro 0.40EUR classic) per Rocky Bushiri, non e' un affare distinto, non notifico
[2026-07-17 20:12:29] [modello zenlock] sostituto in season ancora piu' economico (0.31EUR contro 0.48EUR classic) per Ange N’Gatta, non e' un affare distinto, non notifico
[2026-07-17 20:12:30] [modello zenlock] sostituto in season ancora piu' economico (0.33EUR contro 0.46EUR classic) per Pepelu, non e' un affare distinto, non notifico
[2026-07-17 20:12:30] [modello zenlock] sostituto in season ancora piu' economico (0.42EUR contro 0.48EUR classic) per Yassin Oukili, non e' un affare distinto, non notifico
[2026-07-17 20:12:31] [modello zenlock] sostituto in season ancora piu' economico (0.32EUR contro 0.40EUR classic) per Kyota Sakakibara, non e' un affare distinto, non notifico
[2026-07-17 20:12:34] [modello zenlock] sostituto in season ancora piu' economico (0.32EUR contro 1.00EUR classic) per Dimitris Giannoulis, non e' un affare distinto, non notifico
[2026-07-17 20:12:40] [modello zenlock] sostituto in season ancora piu' economico (0.76EUR contro 1.74EUR classic) per Isaac Babadi, non e' un affare distinto, non notifico
[2026-07-17 20:12:43] [modello zenlock] sostituto in season ancora piu' economico (0.92EUR contro 1.10EUR classic) per Adedire Mebude, non e' un affare distinto, non notifico
[2026-07-17 20:12:45] [modello zenlock] sostituto in season ancora piu' economico (0.42EUR contro 0.48EUR classic) per Antonio Sánchez, non e' un affare distinto, non notifico
[2026-07-17 20:12:46] [modello zenlock] sostituto in season ancora piu' economico (0.31EUR contro 0.59EUR classic) per Adrian Beck, non e' un affare distinto, non notifico
[2026-07-17 20:12:59] [modello zenlock] sostituto in season ancora piu' economico (0.34EUR contro 0.59EUR classic) per Stefan Bell, non e' un affare distinto, non notifico
[2026-07-17 20:13:10] [modello zenlock] sostituto in season ancora piu' economico (0.34EUR contro 1.04EUR classic) per Shintaro Nago, non e' un affare distinto, non notifico
[2026-07-17 20:13:30] [modello zenlock] sostituto in season ancora piu' economico (0.41EUR contro 0.59EUR classic) per Ismaël Diallo, non e' un affare distinto, non notifico
[2026-07-17 20:13:30] [modello zenlock] sostituto in season ancora piu' economico (0.45EUR contro 1.69EUR classic) per Ahmed Kutucu, non e' un affare distinto, non notifico
[2026-07-17 20:13:33] [modello zenlock] sostituto in season ancora piu' economico (1.49EUR contro 1.74EUR classic) per Isaac Boehmer, non e' un affare distinto, non notifico
[2026-07-17 20:13:39] [modello zenlock] sostituto in season ancora piu' economico (0.31EUR contro 0.38EUR classic) per Finn Stokkers, non e' un affare distinto, non notifico
[2026-07-17 20:13:41] [modello zenlock] sostituto in season ancora piu' economico (0.47EUR contro 0.59EUR classic) per Ryosuke Shindo, non e' un affare distinto, non notifico
[2026-07-17 20:13:54] [modello zenlock] sostituto in season ancora piu' economico (0.32EUR contro 0.48EUR classic) per Jürgen Heil, non e' un affare distinto, non notifico
[2026-07-17 20:14:10] [modello zenlock] sostituto in season ancora piu' economico (1.10EUR contro 2.00EUR classic) per Louis Yamaguchi, non e' un affare distinto, non notifico
[2026-07-17 20:14:10] [modello zenlock] sostituto in season ancora piu' economico (0.32EUR contro 0.45EUR classic) per Reinhold Ranftl, non e' un affare distinto, non notifico
[2026-07-17 20:14:13] [modello zenlock] sostituto in season ancora piu' economico (0.46EUR contro 0.48EUR classic) per Kyo Sato, non e' un affare distinto, non notifico
[2026-07-17 20:14:14] [modello zenlock] sostituto in season ancora piu' economico (0.34EUR contro 0.59EUR classic) per AITOR FDEZ., non e' un affare distinto, non notifico
[2026-07-17 20:14:16] [modello zenlock] sostituto in season ancora piu' economico (0.39EUR contro 0.40EUR classic) per Noam Emeran, non e' un affare distinto, non notifico
[2026-07-17 20:14:23] [modello zenlock] sostituto in season ancora piu' economico (0.45EUR contro 0.59EUR classic) per TOMOYA KOYAMATSU, non e' un affare distinto, non notifico
[2026-07-17 20:14:24] [modello zenlock] sostituto in season ancora piu' economico (0.68EUR contro 3.00EUR classic) per Timo Schlieck, non e' un affare distinto, non notifico
[2026-07-17 20:14:24] [modello zenlock] sostituto in season ancora piu' economico (0.33EUR contro 0.48EUR classic) per Elisha Owusu, non e' un affare distinto, non notifico
[2026-07-17 20:14:26] [modello zenlock] sostituto in season ancora piu' economico (0.37EUR contro 0.48EUR classic) per Navarro, non e' un affare distinto, non notifico
[2026-07-17 20:14:32] [modello zenlock] sostituto in season ancora piu' economico (0.32EUR contro 0.48EUR classic) per Hamari Traoré, non e' un affare distinto, non notifico
[2026-07-17 20:14:34] [modello zenlock] connessione chiusa (codice None). Eventi: 1299, carte valutate: 411, notifiche inviate: 0 (di cui solo ETH: 0, di cui su riferimento storico: 0), scartate per mancanza comparabili: 0, scartate per riferimento troppo basso: 0, scartate per differenza assoluta troppo piccola: 0, scartate per gemello in_season altrettanto economico: 0, sconto sospetto non confermato alla riverifica: 0, riferimento troppo alto/non rappresentativo: 0, riferimento stagnante vs vendita reale: 1
[2026-07-17 20:14:34] [modello zenlock] [diagnostica vendite recenti/fallback storico] su 0 casi senza comparabile live, 0 avevano una vendita storica della stessa stagione come riferimento -- di questi, 0 hanno notificato, 0 scartati per sconto insufficiente, 0 per riferimento troppo basso, 0 per riferimento troppo alto, 0 per differenza assoluta troppo piccola
[2026-07-17 20:14:34] [modello zenlock] [diagnostica valute] branch usati in eur_price_from_amounts questa esecuzione: {'eurCents': 6613, 'wei': 784, 'usdCents': 4369, 'gbpCents': 220, 'lamport': 2, 'none': 0}
[2026-07-17 20:14:34] [modello zenlock] esecuzione terminata.

===== RUN 2026-07-17 20:15:23 UTC =====
[2026-07-17 20:15:23] [modello zenlock] Tasso ETH/EUR: 1606.49
[2026-07-17 20:15:23] [modello zenlock] Ascolto per 250 secondi (soglie: classic <=4.0EUR / in_season <=8.0EUR, sconto min 25%)...
[2026-07-17 20:15:23] [modello zenlock] connesso al canale eventi Sorare, sottoscrizione in corso...
[2026-07-17 20:15:24] [modello zenlock] sottoscrizione confermata, in ascolto...
[2026-07-17 20:15:26] [modello zenlock] sostituto in season ancora piu' economico (0.71EUR contro 2.61EUR classic) per Romano Schmid, non e' un affare distinto, non notifico
[2026-07-17 20:15:27] [modello zenlock] sostituto in season ancora piu' economico (0.40EUR contro 2.19EUR classic) per Kévin Théophile-Catherine, non e' un affare distinto, non notifico
[2026-07-17 20:15:28] [modello zenlock] sostituto in season ancora piu' economico (0.42EUR contro 0.59EUR classic) per Elvis Rexhbecaj, non e' un affare distinto, non notifico
[2026-07-17 20:15:29] [modello zenlock] sostituto in season ancora piu' economico (0.32EUR contro 2.19EUR classic) per Moritz Oswald, non e' un affare distinto, non notifico
[2026-07-17 20:15:44] [modello zenlock] sostituto in season ancora piu' economico (0.41EUR contro 0.53EUR classic) per Jackson Irvine, non e' un affare distinto, non notifico
[2026-07-17 20:15:45] [modello zenlock] sostituto in season ancora piu' economico (0.34EUR contro 0.40EUR classic) per Robert Mühren, non e' un affare distinto, non notifico
[2026-07-17 20:15:46] [modello zenlock] sostituto in season ancora piu' economico (2.15EUR contro 2.21EUR classic) per Pau López, non e' un affare distinto, non notifico
[2026-07-17 20:15:46] [modello zenlock] sostituto in season ancora piu' economico (1.25EUR contro 1.57EUR classic) per Daniel Muñoz, non e' un affare distinto, non notifico
[2026-07-17 20:15:47] [modello zenlock] sostituto in season ancora piu' economico (0.33EUR contro 0.48EUR classic) per Sandro Kulenović, non e' un affare distinto, non notifico
[2026-07-17 20:15:47] [modello zenlock] sostituto in season ancora piu' economico (0.33EUR contro 0.48EUR classic) per Isaac Romero, non e' un affare distinto, non notifico
[2026-07-17 20:15:48] [modello zenlock] sostituto in season ancora piu' economico (0.42EUR contro 2.19EUR classic) per Yota Komi, non e' un affare distinto, non notifico
[2026-07-17 20:15:49] [modello zenlock] sostituto in season ancora piu' economico (0.69EUR contro 1.13EUR classic) per Fares Chaïbi, non e' un affare distinto, non notifico
[2026-07-17 20:15:49] [modello zenlock] sostituto in season ancora piu' economico (0.45EUR contro 0.48EUR classic) per Pablo Marín, non e' un affare distinto, non notifico
[2026-07-17 20:15:51] [modello zenlock] riferimento classic (5.00EUR) sostituito dal minimo in_season piu' economico (0.87EUR) per Deniz Gül, vedi caso Szoboszlai
[2026-07-17 20:16:02] [modello zenlock] riferimento classic (2.19EUR) sostituito dal minimo in_season piu' economico (1.50EUR) per Matías Viña, vedi caso Szoboszlai
[2026-07-17 20:16:02] [modello zenlock] sostituto in season ancora piu' economico (0.34EUR contro 0.40EUR classic) per Maximilian Bauer, non e' un affare distinto, non notifico
[2026-07-17 20:16:03] [modello zenlock] sostituto in season ancora piu' economico (0.32EUR contro 0.38EUR classic) per David Gugganig, non e' un affare distinto, non notifico
[2026-07-17 20:16:03] [modello zenlock] sostituto in season ancora piu' economico (0.32EUR contro 1.00EUR classic) per Isi Palazón, non e' un affare distinto, non notifico
[2026-07-17 20:16:06] [modello zenlock] sostituto in season ancora piu' economico (0.46EUR contro 0.59EUR classic) per Takuya Iwanami, non e' un affare distinto, non notifico
[2026-07-17 20:16:06] [modello zenlock] sostituto in season ancora piu' economico (0.34EUR contro 0.53EUR classic) per Moïse Bombito, non e' un affare distinto, non notifico
[2026-07-17 20:16:07] [modello zenlock] sostituto in season ancora piu' economico (0.32EUR contro 0.40EUR classic) per Kyota Sakakibara, non e' un affare distinto, non notifico
[2026-07-17 20:16:14] [modello zenlock] sostituto in season ancora piu' economico (1.87EUR contro 1.93EUR classic) per Duncan McGuire, non e' un affare distinto, non notifico
[2026-07-17 20:16:15] [modello zenlock] sostituto in season ancora piu' economico (0.33EUR contro 1.00EUR classic) per Fabian Schleusener, non e' un affare distinto, non notifico
[2026-07-17 20:16:18] [modello zenlock] sostituto in season ancora piu' economico (0.33EUR contro 0.39EUR classic) per Fuki Yamada, non e' un affare distinto, non notifico
[2026-07-17 20:16:26] [modello zenlock] sostituto in season ancora piu' economico (0.70EUR contro 1.57EUR classic) per Antonee Robinson, non e' un affare distinto, non notifico
[2026-07-17 20:16:29] [modello zenlock] sostituto in season ancora piu' economico (1.29EUR contro 3.49EUR classic) per Tiago Orobó, non e' un affare distinto, non notifico
[2026-07-17 20:16:30] [modello zenlock] sostituto in season ancora piu' economico (0.38EUR contro 0.38EUR classic) per Patrik Mijić, non e' un affare distinto, non notifico
[2026-07-17 20:16:30] [modello zenlock] sostituto in season ancora piu' economico (1.08EUR contro 13.11EUR classic) per Yuki Soma, non e' un affare distinto, non notifico
[2026-07-17 20:16:35] [modello zenlock] sostituto in season ancora piu' economico (0.42EUR contro 0.49EUR classic) per Antonio Sánchez, non e' un affare distinto, non notifico
[2026-07-17 20:16:36] [modello zenlock] sostituto in season ancora piu' economico (0.32EUR contro 0.59EUR classic) per Jordan Lefort, non e' un affare distinto, non notifico
[2026-07-17 20:16:37] [modello zenlock] sostituto in season ancora piu' economico (0.34EUR contro 0.40EUR classic) per Koji Miyoshi, non e' un affare distinto, non notifico
[2026-07-17 20:16:37] [modello zenlock] sostituto in season ancora piu' economico (0.34EUR contro 0.40EUR classic) per Koji Miyoshi, non e' un affare distinto, non notifico
[2026-07-17 20:16:38] [modello zenlock] sostituto in season ancora piu' economico (0.34EUR contro 0.40EUR classic) per Koji Miyoshi, non e' un affare distinto, non notifico
[2026-07-17 20:16:39] [modello zenlock] sostituto in season ancora piu' economico (0.35EUR contro 0.38EUR classic) per Yvann Maçon, non e' un affare distinto, non notifico
[2026-07-17 20:16:41] [modello zenlock] sostituto in season ancora piu' economico (0.31EUR contro 0.76EUR classic) per Oskar Zawada, non e' un affare distinto, non notifico
[2026-07-17 20:16:46] [modello zenlock] sostituto in season ancora piu' economico (0.33EUR contro 1.00EUR classic) per Aleksa Terzić, non e' un affare distinto, non notifico
[2026-07-17 20:17:08] [modello zenlock] sostituto in season ancora piu' economico (0.31EUR contro 0.59EUR classic) per Mory Konaté, non e' un affare distinto, non notifico
[2026-07-17 20:17:09] [modello zenlock] riferimento classic (0.38EUR) sostituito dal minimo in_season piu' economico (0.34EUR) per Christian Lichtenberger, vedi caso Szoboszlai
[2026-07-17 20:17:14] [modello zenlock] sostituto in season ancora piu' economico (0.41EUR contro 1.00EUR classic) per Masato Morishige, non e' un affare distinto, non notifico
[2026-07-17 20:17:23] [modello zenlock] sostituto in season ancora piu' economico (0.88EUR contro 1.00EUR classic) per Andrés Perea, non e' un affare distinto, non notifico
[2026-07-17 20:17:23] [modello zenlock] sostituto in season ancora piu' economico (0.34EUR contro 0.59EUR classic) per Mats Seuntjens, non e' un affare distinto, non notifico
[2026-07-17 20:17:45] [modello zenlock] sostituto in season ancora piu' economico (0.34EUR contro 1.00EUR classic) per HIROMU MITSUMARU, non e' un affare distinto, non notifico
[2026-07-17 20:17:46] [modello zenlock] sostituto in season ancora piu' economico (0.31EUR contro 0.48EUR classic) per Damon Mirani, non e' un affare distinto, non notifico
[2026-07-17 20:17:47] [modello zenlock] sostituto in season ancora piu' economico (0.46EUR contro 1.74EUR classic) per Joel Chima Fujita, non e' un affare distinto, non notifico
[2026-07-17 20:17:47] [modello zenlock] sostituto in season ancora piu' economico (0.95EUR contro 4.36EUR classic) per Fred, non e' un affare distinto, non notifico
[2026-07-17 20:17:49] [modello zenlock] sostituto in season ancora piu' economico (0.33EUR contro 0.40EUR classic) per René Renner, non e' un affare distinto, non notifico
[2026-07-17 20:17:49] [modello zenlock] sostituto in season ancora piu' economico (0.42EUR contro 1.30EUR classic) per Mao Hosoya, non e' un affare distinto, non notifico
[2026-07-17 20:17:52] [modello zenlock] sostituto in season ancora piu' economico (1.85EUR contro 1.93EUR classic) per Zidane Yañez, non e' un affare distinto, non notifico
[2026-07-17 20:17:52] [modello zenlock] sostituto in season ancora piu' economico (0.60EUR contro 1.57EUR classic) per Jens Stage, non e' un affare distinto, non notifico
[2026-07-17 20:17:54] [modello zenlock] sostituto in season ancora piu' economico (0.33EUR contro 0.48EUR classic) per Salih Uçan, non e' un affare distinto, non notifico
[2026-07-17 20:17:54] [modello zenlock] sostituto in season ancora piu' economico (0.78EUR contro 1.57EUR classic) per Alex Iwobi, non e' un affare distinto, non notifico
[2026-07-17 20:17:56] [modello zenlock] sostituto in season ancora piu' economico (0.31EUR contro 0.87EUR classic) per Mathis Suray, non e' un affare distinto, non notifico
[2026-07-17 20:17:56] [modello zenlock] sostituto in season ancora piu' economico (0.33EUR contro 0.48EUR classic) per Nick Bätzner, non e' un affare distinto, non notifico
[2026-07-17 20:18:05] [modello zenlock] sostituto in season ancora piu' economico (0.37EUR contro 0.48EUR classic) per Tayyip Sanuç, non e' un affare distinto, non notifico
[2026-07-17 20:18:09] [modello zenlock] sostituto in season ancora piu' economico (2.10EUR contro 3.00EUR classic) per Luis Barraza, non e' un affare distinto, non notifico
[2026-07-17 20:18:10] [modello zenlock] sostituto in season ancora piu' economico (0.43EUR contro 2.19EUR classic) per Samuel Loric, non e' un affare distinto, non notifico
[2026-07-17 20:18:10] [modello zenlock] sostituto in season ancora piu' economico (0.37EUR contro 0.48EUR classic) per Casper Tengstedt, non e' un affare distinto, non notifico
[2026-07-17 20:18:19] [modello zenlock] sostituto in season ancora piu' economico (0.33EUR contro 0.48EUR classic) per Erhan Mašović, non e' un affare distinto, non notifico
[2026-07-17 20:18:20] [modello zenlock] sostituto in season ancora piu' economico (0.35EUR contro 1.00EUR classic) per Tayfur Bingöl, non e' un affare distinto, non notifico
[2026-07-17 20:18:21] [modello zenlock] sostituto in season ancora piu' economico (0.33EUR contro 0.40EUR classic) per René Renner, non e' un affare distinto, non notifico
[2026-07-17 20:18:21] [modello zenlock] sostituto in season ancora piu' economico (0.33EUR contro 0.48EUR classic) per Bamo Meïté, non e' un affare distinto, non notifico
[2026-07-17 20:18:24] [modello zenlock] sostituto in season ancora piu' economico (0.44EUR contro 0.48EUR classic) per Mateo Leš, non e' un affare distinto, non notifico
[2026-07-17 20:18:50] [modello zenlock] sostituto in season ancora piu' economico (0.41EUR contro 0.48EUR classic) per David Watson, non e' un affare distinto, non notifico
[2026-07-17 20:18:51] [modello zenlock] sostituto in season ancora piu' economico (0.32EUR contro 0.48EUR classic) per Ivan Dolček, non e' un affare distinto, non notifico
[2026-07-17 20:18:52] [modello zenlock] sostituto in season ancora piu' economico (0.34EUR contro 0.38EUR classic) per Enes Mahmutović, non e' un affare distinto, non notifico
[2026-07-17 20:18:53] [modello zenlock] sostituto in season ancora piu' economico (0.31EUR contro 1.00EUR classic) per Kenny Lala, non e' un affare distinto, non notifico
[2026-07-17 20:18:55] [modello zenlock] sostituto in season ancora piu' economico (0.33EUR contro 0.59EUR classic) per L. Rioja, non e' un affare distinto, non notifico
[2026-07-17 20:18:56] [modello zenlock] sostituto in season ancora piu' economico (0.48EUR contro 0.48EUR classic) per Yuto Iwasaki, non e' un affare distinto, non notifico
[2026-07-17 20:19:09] [modello zenlock] sostituto in season ancora piu' economico (0.41EUR contro 0.48EUR classic) per Christoph Lang, non e' un affare distinto, non notifico
[2026-07-17 20:19:11] [modello zenlock] sostituto in season ancora piu' economico (1.83EUR contro 1.93EUR classic) per Joshua Cohen, non e' un affare distinto, non notifico
[2026-07-17 20:19:11] [modello zenlock] sostituto in season ancora piu' economico (0.38EUR contro 1.00EUR classic) per Marco John, non e' un affare distinto, non notifico
[2026-07-17 20:19:12] [modello zenlock] sostituto in season ancora piu' economico (0.33EUR contro 0.59EUR classic) per Jeong Woo-Jae, non e' un affare distinto, non notifico
[2026-07-17 20:19:13] [modello zenlock] sostituto in season ancora piu' economico (0.46EUR contro 0.52EUR classic) per Lamine Ba, non e' un affare distinto, non notifico
[2026-07-17 20:19:13] [modello zenlock] sostituto in season ancora piu' economico (0.45EUR contro 0.48EUR classic) per Shinta Appelkamp, non e' un affare distinto, non notifico
[2026-07-17 20:19:21] [modello zenlock] sostituto in season ancora piu' economico (0.42EUR contro 0.48EUR classic) per Antonio Sánchez, non e' un affare distinto, non notifico
[2026-07-17 20:19:23] [modello zenlock] sostituto in season ancora piu' economico (0.43EUR contro 0.48EUR classic) per Tokuma Suzuki, non e' un affare distinto, non notifico
[2026-07-17 20:19:23] [modello zenlock] sostituto in season ancora piu' economico (0.46EUR contro 0.55EUR classic) per Sebastian Szymański, non e' un affare distinto, non notifico
[2026-07-17 20:19:28] [modello zenlock] sostituto in season ancora piu' economico (0.33EUR contro 0.59EUR classic) per Jeong Woo-Jae, non e' un affare distinto, non notifico
[2026-07-17 20:19:31] [modello zenlock] sostituto in season ancora piu' economico (0.44EUR contro 1.00EUR classic) per Domingos Duarte, non e' un affare distinto, non notifico
[2026-07-17 20:19:33] [modello zenlock] connessione chiusa (codice None). Eventi: 1189, carte valutate: 367, notifiche inviate: 0 (di cui solo ETH: 0, di cui su riferimento storico: 0), scartate per mancanza comparabili: 1, scartate per riferimento troppo basso: 0, scartate per differenza assoluta troppo piccola: 0, scartate per gemello in_season altrettanto economico: 0, sconto sospetto non confermato alla riverifica: 0, riferimento troppo alto/non rappresentativo: 0, riferimento stagnante vs vendita reale: 0
[2026-07-17 20:19:33] [modello zenlock] [diagnostica vendite recenti/fallback storico] su 1 casi senza comparabile live, 1 avevano una vendita storica della stessa stagione come riferimento -- di questi, 0 hanno notificato, 1 scartati per sconto insufficiente, 0 per riferimento troppo basso, 0 per riferimento troppo alto, 0 per differenza assoluta troppo piccola
[2026-07-17 20:19:33] [modello zenlock] [diagnostica valute] branch usati in eur_price_from_amounts questa esecuzione: {'eurCents': 6114, 'wei': 732, 'usdCents': 4572, 'gbpCents': 196, 'lamport': 4, 'none': 0}
[2026-07-17 20:19:33] [modello zenlock] esecuzione terminata.
